{"/home/travis/build/npmtest/node-npmtest-intro.js/test.js":{"path":"/home/travis/build/npmtest/node-npmtest-intro.js/test.js","s":{"1":2,"2":2,"3":2,"4":2,"5":2,"6":2,"7":2,"8":1,"9":2,"10":2,"11":1,"12":1,"13":1,"14":1,"15":2,"16":2,"17":2,"18":2,"19":1,"20":1,"21":2,"22":2,"23":2,"24":1,"25":1,"26":1,"27":1,"28":1,"29":1,"30":1,"31":1,"32":1,"33":1,"34":1,"35":1,"36":1,"37":1,"38":1,"39":2,"40":2,"41":1,"42":2,"43":2,"44":1,"45":2,"46":2,"47":1,"48":2,"49":2,"50":1,"51":1,"52":1,"53":1,"54":1},"b":{"1":[2,1,1,1],"2":[1,1,1,1],"3":[1,1],"4":[1,1],"5":[1,1],"6":[1,1],"7":[1,1],"8":[1,1],"9":[1,1],"10":[1,1,1],"11":[1,1],"12":[1,1],"13":[1,1],"14":[1,1],"15":[1,1],"16":[1,1],"17":[1,1]},"f":{"1":2,"2":2,"3":2,"4":2,"5":2,"6":1,"7":1,"8":1,"9":2,"10":2,"11":2,"12":2,"13":1},"fnMap":{"1":{"name":"(anonymous_1)","line":12,"loc":{"start":{"line":12,"column":1},"end":{"line":12,"column":13}}},"2":{"name":"(anonymous_2)","line":19,"loc":{"start":{"line":19,"column":5},"end":{"line":19,"column":17}}},"3":{"name":"(anonymous_3)","line":23,"loc":{"start":{"line":23,"column":24},"end":{"line":23,"column":36}}},"4":{"name":"(anonymous_4)","line":61,"loc":{"start":{"line":61,"column":5},"end":{"line":61,"column":17}}},"5":{"name":"(anonymous_5)","line":82,"loc":{"start":{"line":82,"column":5},"end":{"line":82,"column":17}}},"6":{"name":"(anonymous_6)","line":91,"loc":{"start":{"line":91,"column":77},"end":{"line":94,"column":10}}},"7":{"name":"(anonymous_7)","line":112,"loc":{"start":{"line":112,"column":83},"end":{"line":115,"column":10}},"skip":true},"8":{"name":"(anonymous_8)","line":123,"loc":{"start":{"line":123,"column":77},"end":{"line":126,"column":10}},"skip":true},"9":{"name":"(anonymous_9)","line":139,"loc":{"start":{"line":139,"column":12},"end":{"line":139,"column":40}},"skip":true},"10":{"name":"(anonymous_10)","line":147,"loc":{"start":{"line":147,"column":77},"end":{"line":150,"column":10}},"skip":true},"11":{"name":"(anonymous_11)","line":158,"loc":{"start":{"line":158,"column":83},"end":{"line":161,"column":10}},"skip":true},"12":{"name":"(anonymous_12)","line":169,"loc":{"start":{"line":169,"column":79},"end":{"line":172,"column":10}},"skip":true},"13":{"name":"(anonymous_13)","line":180,"loc":{"start":{"line":180,"column":75},"end":{"line":183,"column":10}},"skip":true}},"statementMap":{"1":{"start":{"line":12,"column":0},"end":{"line":195,"column":5}},"2":{"start":{"line":14,"column":4},"end":{"line":14,"column":14}},"3":{"start":{"line":19,"column":4},"end":{"line":56,"column":9}},"4":{"start":{"line":21,"column":8},"end":{"line":21,"column":19}},"5":{"start":{"line":23,"column":8},"end":{"line":35,"column":13}},"6":{"start":{"line":24,"column":12},"end":{"line":34,"column":13}},"7":{"start":{"line":25,"column":16},"end":{"line":28,"column":30}},"8":{"start":{"line":30,"column":16},"end":{"line":33,"column":27}},"9":{"start":{"line":37,"column":8},"end":{"line":39,"column":21}},"10":{"start":{"line":40,"column":8},"end":{"line":53,"column":9}},"11":{"start":{"line":43,"column":12},"end":{"line":46,"column":14}},"12":{"start":{"line":47,"column":12},"end":{"line":47,"column":18}},"13":{"start":{"line":50,"column":12},"end":{"line":51,"column":33}},"14":{"start":{"line":52,"column":12},"end":{"line":52,"column":18}},"15":{"start":{"line":55,"column":8},"end":{"line":55,"column":35}},"16":{"start":{"line":61,"column":4},"end":{"line":63,"column":9}},"17":{"start":{"line":62,"column":8},"end":{"line":62,"column":15}},"18":{"start":{"line":64,"column":4},"end":{"line":77,"column":5}},"19":{"start":{"line":70,"column":8},"end":{"line":70,"column":14}},"20":{"start":{"line":76,"column":8},"end":{"line":76,"column":14}},"21":{"start":{"line":82,"column":4},"end":{"line":84,"column":9}},"22":{"start":{"line":83,"column":8},"end":{"line":83,"column":15}},"23":{"start":{"line":85,"column":4},"end":{"line":194,"column":5}},"24":{"start":{"line":91,"column":8},"end":{"line":99,"column":10}},"25":{"start":{"line":98,"column":12},"end":{"line":98,"column":35}},"26":{"start":{"line":102,"column":8},"end":{"line":104,"column":63}},"27":{"start":{"line":105,"column":8},"end":{"line":105,"column":14}},"28":{"start":{"line":112,"column":8},"end":{"line":121,"column":10},"skip":true},"29":{"start":{"line":119,"column":12},"end":{"line":119,"column":55},"skip":true},"30":{"start":{"line":120,"column":12},"end":{"line":120,"column":48},"skip":true},"31":{"start":{"line":123,"column":8},"end":{"line":136,"column":10},"skip":true},"32":{"start":{"line":130,"column":12},"end":{"line":130,"column":76},"skip":true},"33":{"start":{"line":131,"column":12},"end":{"line":131,"column":73},"skip":true},"34":{"start":{"line":132,"column":12},"end":{"line":132,"column":74},"skip":true},"35":{"start":{"line":133,"column":12},"end":{"line":133,"column":79},"skip":true},"36":{"start":{"line":134,"column":12},"end":{"line":134,"column":25},"skip":true},"37":{"start":{"line":135,"column":12},"end":{"line":135,"column":45},"skip":true},"38":{"start":{"line":138,"column":8},"end":{"line":145,"column":14},"skip":true},"39":{"start":{"line":143,"column":16},"end":{"line":143,"column":29},"skip":true},"40":{"start":{"line":144,"column":16},"end":{"line":144,"column":55},"skip":true},"41":{"start":{"line":147,"column":8},"end":{"line":156,"column":10},"skip":true},"42":{"start":{"line":154,"column":12},"end":{"line":154,"column":25},"skip":true},"43":{"start":{"line":155,"column":12},"end":{"line":155,"column":45},"skip":true},"44":{"start":{"line":158,"column":8},"end":{"line":167,"column":10},"skip":true},"45":{"start":{"line":165,"column":12},"end":{"line":165,"column":25},"skip":true},"46":{"start":{"line":166,"column":12},"end":{"line":166,"column":48},"skip":true},"47":{"start":{"line":169,"column":8},"end":{"line":178,"column":10},"skip":true},"48":{"start":{"line":176,"column":12},"end":{"line":176,"column":25},"skip":true},"49":{"start":{"line":177,"column":12},"end":{"line":177,"column":46},"skip":true},"50":{"start":{"line":180,"column":8},"end":{"line":189,"column":10},"skip":true},"51":{"start":{"line":187,"column":12},"end":{"line":187,"column":94},"skip":true},"52":{"start":{"line":188,"column":12},"end":{"line":188,"column":48},"skip":true},"53":{"start":{"line":192,"column":8},"end":{"line":192,"column":35},"skip":true},"54":{"start":{"line":193,"column":8},"end":{"line":193,"column":14},"skip":true}},"branchMap":{"1":{"line":25,"type":"binary-expr","locations":[{"start":{"line":25,"column":23},"end":{"line":25,"column":62}},{"start":{"line":26,"column":20},"end":{"line":26,"column":70}},{"start":{"line":27,"column":20},"end":{"line":27,"column":71}},{"start":{"line":28,"column":20},"end":{"line":28,"column":29}}]},"2":{"line":30,"type":"binary-expr","locations":[{"start":{"line":30,"column":23},"end":{"line":30,"column":37}},{"start":{"line":31,"column":20},"end":{"line":31,"column":61}},{"start":{"line":32,"column":20},"end":{"line":32,"column":70}},{"start":{"line":33,"column":20},"end":{"line":33,"column":26}}]},"3":{"line":37,"type":"cond-expr","locations":[{"start":{"line":38,"column":14},"end":{"line":38,"column":20}},{"start":{"line":39,"column":14},"end":{"line":39,"column":20}}]},"4":{"line":40,"type":"switch","locations":[{"start":{"line":42,"column":8},"end":{"line":47,"column":18}},{"start":{"line":49,"column":8},"end":{"line":52,"column":18}}]},"5":{"line":44,"type":"binary-expr","locations":[{"start":{"line":44,"column":16},"end":{"line":44,"column":44}},{"start":{"line":44,"column":48},"end":{"line":44,"column":66}}]},"6":{"line":50,"type":"binary-expr","locations":[{"start":{"line":50,"column":21},"end":{"line":50,"column":49}},{"start":{"line":50,"column":53},"end":{"line":50,"column":72}}]},"7":{"line":64,"type":"switch","locations":[{"start":{"line":69,"column":4},"end":{"line":70,"column":14}},{"start":{"line":75,"column":4},"end":{"line":76,"column":14}}]},"8":{"line":85,"type":"switch","locations":[{"start":{"line":90,"column":4},"end":{"line":105,"column":14}},{"start":{"line":111,"column":4},"end":{"line":193,"column":14},"skip":true}]},"9":{"line":91,"type":"binary-expr","locations":[{"start":{"line":91,"column":42},"end":{"line":91,"column":73}},{"start":{"line":91,"column":77},"end":{"line":99,"column":9}}]},"10":{"line":102,"type":"binary-expr","locations":[{"start":{"line":102,"column":18},"end":{"line":102,"column":32}},{"start":{"line":103,"column":12},"end":{"line":103,"column":53}},{"start":{"line":104,"column":12},"end":{"line":104,"column":61}}]},"11":{"line":112,"type":"binary-expr","locations":[{"start":{"line":112,"column":45},"end":{"line":112,"column":79},"skip":true},{"start":{"line":112,"column":83},"end":{"line":121,"column":9},"skip":true}]},"12":{"line":123,"type":"binary-expr","locations":[{"start":{"line":123,"column":42},"end":{"line":123,"column":73},"skip":true},{"start":{"line":123,"column":77},"end":{"line":136,"column":9},"skip":true}]},"13":{"line":138,"type":"binary-expr","locations":[{"start":{"line":138,"column":48},"end":{"line":138,"column":85},"skip":true},{"start":{"line":139,"column":12},"end":{"line":145,"column":13},"skip":true}]},"14":{"line":147,"type":"binary-expr","locations":[{"start":{"line":147,"column":42},"end":{"line":147,"column":73},"skip":true},{"start":{"line":147,"column":77},"end":{"line":156,"column":9},"skip":true}]},"15":{"line":158,"type":"binary-expr","locations":[{"start":{"line":158,"column":45},"end":{"line":158,"column":79},"skip":true},{"start":{"line":158,"column":83},"end":{"line":167,"column":9},"skip":true}]},"16":{"line":169,"type":"binary-expr","locations":[{"start":{"line":169,"column":43},"end":{"line":169,"column":75},"skip":true},{"start":{"line":169,"column":79},"end":{"line":178,"column":9},"skip":true}]},"17":{"line":180,"type":"binary-expr","locations":[{"start":{"line":180,"column":41},"end":{"line":180,"column":71},"skip":true},{"start":{"line":180,"column":75},"end":{"line":189,"column":9},"skip":true}]}},"code":["/* istanbul instrument in package npmtest_intro_js */","/*jslint","    bitwise: true,","    browser: true,","    maxerr: 8,","    maxlen: 96,","    node: true,","    nomen: true,","    regexp: true,","    stupid: true","*/","(function () {","    'use strict';","    var local;","","","","    // run shared js-env code - init-before","    (function () {","        // init local","        local = {};","        // init modeJs","        local.modeJs = (function () {","            try {","                return typeof navigator.userAgent === 'string' &&","                    typeof document.querySelector('body') === 'object' &&","                    typeof XMLHttpRequest.prototype.open === 'function' &&","                    'browser';","            } catch (errorCaughtBrowser) {","                return module.exports &&","                    typeof process.versions.node === 'string' &&","                    typeof require('http').createServer === 'function' &&","                    'node';","            }","        }());","        // init global","        local.global = local.modeJs === 'browser'","            ? window","            : global;","        switch (local.modeJs) {","        // re-init local from window.local","        case 'browser':","            local = local.global.utility2.objectSetDefault(","                local.global.utility2_rollup || local.global.local,","                local.global.utility2","            );","            break;","        // re-init local from example.js","        case 'node':","            local = (local.global.utility2_rollup || require('utility2'))","                .requireReadme();","            break;","        }","        // export local","        local.global.local = local;","    }());","","","","    // run shared js-env code - function","    (function () {","        return;","    }());","    switch (local.modeJs) {","","","","    // run browser js-env code - function","    case 'browser':","        break;","","","","    // run node js-env code - function","    case 'node':","        break;","    }","","","","    // run shared js-env code - init-after","    (function () {","        return;","    }());","    switch (local.modeJs) {","","","","    // run browser js-env code - init-after","    case 'browser':","        local.testCase_browser_nullCase = local.testCase_browser_nullCase || function (","            options,","            onError","        ) {","        /*","         * this function will test browsers's null-case handling-behavior-behavior","         */","            onError(null, options);","        };","","        // run tests","        local.nop(local.modeTest &&","            document.querySelector('#testRunButton1') &&","            document.querySelector('#testRunButton1').click());","        break;","","","","    // run node js-env code - init-after","    /* istanbul ignore next */","    case 'node':","        local.testCase_buildApidoc_default = local.testCase_buildApidoc_default || function (","            options,","            onError","        ) {","        /*","         * this function will test buildApidoc's default handling-behavior-behavior","         */","            options = { modulePathList: module.paths };","            local.buildApidoc(options, onError);","        };","","        local.testCase_buildApp_default = local.testCase_buildApp_default || function (","            options,","            onError","        ) {","        /*","         * this function will test buildApp's default handling-behavior-behavior","         */","            local.testCase_buildReadme_default(options, local.onErrorThrow);","            local.testCase_buildLib_default(options, local.onErrorThrow);","            local.testCase_buildTest_default(options, local.onErrorThrow);","            local.testCase_buildCustomOrg_default(options, local.onErrorThrow);","            options = [];","            local.buildApp(options, onError);","        };","","        local.testCase_buildCustomOrg_default = local.testCase_buildCustomOrg_default ||","            function (options, onError) {","            /*","             * this function will test buildCustomOrg's default handling-behavior","             */","                options = {};","                local.buildCustomOrg(options, onError);","            };","","        local.testCase_buildLib_default = local.testCase_buildLib_default || function (","            options,","            onError","        ) {","        /*","         * this function will test buildLib's default handling-behavior","         */","            options = {};","            local.buildLib(options, onError);","        };","","        local.testCase_buildReadme_default = local.testCase_buildReadme_default || function (","            options,","            onError","        ) {","        /*","         * this function will test buildReadme's default handling-behavior-behavior","         */","            options = {};","            local.buildReadme(options, onError);","        };","","        local.testCase_buildTest_default = local.testCase_buildTest_default || function (","            options,","            onError","        ) {","        /*","         * this function will test buildTest's default handling-behavior","         */","            options = {};","            local.buildTest(options, onError);","        };","","        local.testCase_webpage_default = local.testCase_webpage_default || function (","            options,","            onError","        ) {","        /*","         * this function will test webpage's default handling-behavior","         */","            options = { modeCoverageMerge: true, url: local.serverLocalHost + '?modeTest=1' };","            local.browserTest(options, onError);","        };","","        // run test-server","        local.testRunServer(local);","        break;","    }","}());",""],"l":{"12":2,"14":2,"19":2,"21":2,"23":2,"24":2,"25":2,"30":1,"37":2,"40":2,"43":1,"47":1,"50":1,"52":1,"55":2,"61":2,"62":2,"64":2,"70":1,"76":1,"82":2,"83":2,"85":2,"91":1,"98":1,"102":1,"105":1,"112":1,"119":1,"120":1,"123":1,"130":1,"131":1,"132":1,"133":1,"134":1,"135":1,"138":1,"143":2,"144":2,"147":1,"154":2,"155":2,"158":1,"165":2,"166":2,"169":1,"176":2,"177":2,"180":1,"187":1,"188":1,"192":1,"193":1}},"/home/travis/build/npmtest/node-npmtest-intro.js/lib.npmtest_intro_js.js":{"path":"/home/travis/build/npmtest/node-npmtest-intro.js/lib.npmtest_intro_js.js","s":{"1":2,"2":2,"3":2,"4":2,"5":2,"6":2,"7":2,"8":1,"9":2,"10":2,"11":2,"12":2,"13":1,"14":1,"15":1,"16":1},"b":{"1":[2,1,1,1],"2":[1,1,1,1],"3":[1,1],"4":[2,2],"5":[1,1]},"f":{"1":2,"2":2,"3":2},"fnMap":{"1":{"name":"(anonymous_1)","line":12,"loc":{"start":{"line":12,"column":1},"end":{"line":12,"column":13}}},"2":{"name":"(anonymous_2)","line":19,"loc":{"start":{"line":19,"column":5},"end":{"line":19,"column":17}}},"3":{"name":"(anonymous_3)","line":23,"loc":{"start":{"line":23,"column":24},"end":{"line":23,"column":36}}}},"statementMap":{"1":{"start":{"line":12,"column":0},"end":{"line":53,"column":5}},"2":{"start":{"line":14,"column":4},"end":{"line":14,"column":14}},"3":{"start":{"line":19,"column":4},"end":{"line":52,"column":9}},"4":{"start":{"line":21,"column":8},"end":{"line":21,"column":19}},"5":{"start":{"line":23,"column":8},"end":{"line":35,"column":13}},"6":{"start":{"line":24,"column":12},"end":{"line":34,"column":13}},"7":{"start":{"line":25,"column":16},"end":{"line":28,"column":30}},"8":{"start":{"line":30,"column":16},"end":{"line":33,"column":27}},"9":{"start":{"line":37,"column":8},"end":{"line":39,"column":21}},"10":{"start":{"line":41,"column":8},"end":{"line":41,"column":54}},"11":{"start":{"line":43,"column":8},"end":{"line":43,"column":53}},"12":{"start":{"line":45,"column":8},"end":{"line":51,"column":9}},"13":{"start":{"line":46,"column":12},"end":{"line":46,"column":59}},"14":{"start":{"line":48,"column":12},"end":{"line":48,"column":35}},"15":{"start":{"line":49,"column":12},"end":{"line":49,"column":49}},"16":{"start":{"line":50,"column":12},"end":{"line":50,"column":43}}},"branchMap":{"1":{"line":25,"type":"binary-expr","locations":[{"start":{"line":25,"column":23},"end":{"line":25,"column":62}},{"start":{"line":26,"column":20},"end":{"line":26,"column":70}},{"start":{"line":27,"column":20},"end":{"line":27,"column":71}},{"start":{"line":28,"column":20},"end":{"line":28,"column":29}}]},"2":{"line":30,"type":"binary-expr","locations":[{"start":{"line":30,"column":23},"end":{"line":30,"column":37}},{"start":{"line":31,"column":20},"end":{"line":31,"column":61}},{"start":{"line":32,"column":20},"end":{"line":32,"column":70}},{"start":{"line":33,"column":20},"end":{"line":33,"column":26}}]},"3":{"line":37,"type":"cond-expr","locations":[{"start":{"line":38,"column":14},"end":{"line":38,"column":20}},{"start":{"line":39,"column":14},"end":{"line":39,"column":20}}]},"4":{"line":41,"type":"binary-expr","locations":[{"start":{"line":41,"column":16},"end":{"line":41,"column":44}},{"start":{"line":41,"column":48},"end":{"line":41,"column":53}}]},"5":{"line":45,"type":"if","locations":[{"start":{"line":45,"column":8},"end":{"line":45,"column":8}},{"start":{"line":45,"column":8},"end":{"line":45,"column":8}}]}},"code":["/* istanbul instrument in package npmtest_intro_js */","/*jslint","    bitwise: true,","    browser: true,","    maxerr: 8,","    maxlen: 96,","    node: true,","    nomen: true,","    regexp: true,","    stupid: true","*/","(function () {","    'use strict';","    var local;","","","","    // run shared js-env code - init-before","    (function () {","        // init local","        local = {};","        // init modeJs","        local.modeJs = (function () {","            try {","                return typeof navigator.userAgent === 'string' &&","                    typeof document.querySelector('body') === 'object' &&","                    typeof XMLHttpRequest.prototype.open === 'function' &&","                    'browser';","            } catch (errorCaughtBrowser) {","                return module.exports &&","                    typeof process.versions.node === 'string' &&","                    typeof require('http').createServer === 'function' &&","                    'node';","            }","        }());","        // init global","        local.global = local.modeJs === 'browser'","            ? window","            : global;","        // init utility2_rollup","        local = local.global.utility2_rollup || local;","        // init lib","        local.local = local.npmtest_intro_js = local;","        // init exports","        if (local.modeJs === 'browser') {","            local.global.utility2_npmtest_intro_js = local;","        } else {","            module.exports = local;","            module.exports.__dirname = __dirname;","            module.exports.module = module;","        }","    }());","}());",""],"l":{"12":2,"14":2,"19":2,"21":2,"23":2,"24":2,"25":2,"30":1,"37":2,"41":2,"43":2,"45":2,"46":1,"48":1,"49":1,"50":1}},"/home/travis/build/npmtest/node-npmtest-intro.js/example.js":{"path":"/home/travis/build/npmtest/node-npmtest-intro.js/example.js","s":{"1":2,"2":2,"3":2,"4":2,"5":2,"6":2,"7":2,"8":1,"9":2,"10":2,"11":2,"12":2,"13":1,"14":2,"15":2,"16":2,"17":2,"18":2,"19":0,"20":2,"21":1,"22":1,"23":1,"24":1,"25":1,"26":0,"27":0,"28":1,"29":1,"30":2,"31":0,"32":0,"33":0,"34":1,"35":2,"36":2,"37":3,"38":3,"39":3,"40":3,"41":0,"42":3,"43":3,"44":3,"45":1,"46":3,"47":1,"48":1,"49":1,"50":1,"51":1,"52":1,"53":1,"54":1,"55":1,"56":1,"57":0,"58":1,"59":6,"60":6,"61":1,"62":2,"63":0,"64":2,"65":1,"66":1,"67":0,"68":0,"69":0,"70":0,"71":0,"72":0,"73":0,"74":0,"75":0,"76":0,"77":0,"78":0,"79":0,"80":0,"81":0,"82":0,"83":0},"b":{"1":[2,1,1,1],"2":[1,1,1,1],"3":[1,1],"4":[2,2],"5":[1,1],"6":[1,1],"7":[2,0],"8":[2,1,1,1,1,1],"9":[0,2,0],"10":[1,1],"11":[2,1,1],"12":[1,0],"13":[0,2],"14":[2,0,0,0,0,0,0],"15":[0,3],"16":[3,0],"17":[1,1],"18":[0,1],"19":[1,2,0,2],"20":[1,0],"21":[1,1],"22":[0,0],"23":[0,0],"24":[0,0],"25":[0,0],"26":[0,0],"27":[0,0],"28":[0,0]},"f":{"1":2,"2":2,"3":2,"4":2,"5":2,"6":2,"7":3,"8":3,"9":3,"10":1,"11":6,"12":0},"fnMap":{"1":{"name":"(anonymous_1)","line":26,"loc":{"start":{"line":26,"column":1},"end":{"line":26,"column":13}}},"2":{"name":"(anonymous_2)","line":33,"loc":{"start":{"line":33,"column":5},"end":{"line":33,"column":17}}},"3":{"name":"(anonymous_3)","line":37,"loc":{"start":{"line":37,"column":24},"end":{"line":37,"column":36}}},"4":{"name":"(anonymous_4)","line":69,"loc":{"start":{"line":69,"column":31},"end":{"line":69,"column":48}},"skip":true},"5":{"name":"(anonymous_5)","line":78,"loc":{"start":{"line":78,"column":26},"end":{"line":78,"column":45}},"skip":true},"6":{"name":"(anonymous_6)","line":123,"loc":{"start":{"line":123,"column":33},"end":{"line":123,"column":48}},"skip":true},"7":{"name":"(anonymous_7)","line":125,"loc":{"start":{"line":125,"column":27},"end":{"line":125,"column":39}},"skip":true},"8":{"name":"(anonymous_8)","line":133,"loc":{"start":{"line":133,"column":59},"end":{"line":133,"column":74}},"skip":true},"9":{"name":"(anonymous_9)","line":143,"loc":{"start":{"line":143,"column":45},"end":{"line":143,"column":62}},"skip":true},"10":{"name":"(anonymous_10)","line":144,"loc":{"start":{"line":144,"column":73},"end":{"line":144,"column":92}},"skip":true},"11":{"name":"(anonymous_11)","line":272,"loc":{"start":{"line":272,"column":51},"end":{"line":272,"column":77}},"skip":true},"12":{"name":"(anonymous_12)","line":315,"loc":{"start":{"line":315,"column":32},"end":{"line":315,"column":61}},"skip":true}},"statementMap":{"1":{"start":{"line":26,"column":0},"end":{"line":326,"column":5}},"2":{"start":{"line":28,"column":4},"end":{"line":28,"column":14}},"3":{"start":{"line":33,"column":4},"end":{"line":60,"column":9}},"4":{"start":{"line":35,"column":8},"end":{"line":35,"column":19}},"5":{"start":{"line":37,"column":8},"end":{"line":49,"column":13}},"6":{"start":{"line":38,"column":12},"end":{"line":48,"column":13}},"7":{"start":{"line":39,"column":16},"end":{"line":42,"column":30}},"8":{"start":{"line":44,"column":16},"end":{"line":47,"column":27}},"9":{"start":{"line":51,"column":8},"end":{"line":53,"column":21}},"10":{"start":{"line":55,"column":8},"end":{"line":57,"column":45}},"11":{"start":{"line":59,"column":8},"end":{"line":59,"column":35}},"12":{"start":{"line":61,"column":4},"end":{"line":325,"column":5}},"13":{"start":{"line":69,"column":8},"end":{"line":121,"column":10},"skip":true},"14":{"start":{"line":70,"column":12},"end":{"line":88,"column":13},"skip":true},"15":{"start":{"line":76,"column":16},"end":{"line":87,"column":19},"skip":true},"16":{"start":{"line":79,"column":20},"end":{"line":86,"column":21},"skip":true},"17":{"start":{"line":82,"column":24},"end":{"line":82,"column":43},"skip":true},"18":{"start":{"line":83,"column":24},"end":{"line":83,"column":30},"skip":true},"19":{"start":{"line":85,"column":24},"end":{"line":85,"column":49},"skip":true},"20":{"start":{"line":89,"column":12},"end":{"line":107,"column":13},"skip":true},"21":{"start":{"line":92,"column":16},"end":{"line":102,"column":17},"skip":true},"22":{"start":{"line":93,"column":20},"end":{"line":93,"column":86},"skip":true},"23":{"start":{"line":94,"column":20},"end":{"line":95,"column":45},"skip":true},"24":{"start":{"line":96,"column":20},"end":{"line":96,"column":42},"skip":true},"25":{"start":{"line":97,"column":20},"end":{"line":97,"column":48},"skip":true},"26":{"start":{"line":100,"column":20},"end":{"line":100,"column":85},"skip":true},"27":{"start":{"line":101,"column":20},"end":{"line":101,"column":96},"skip":true},"28":{"start":{"line":103,"column":16},"end":{"line":103,"column":22},"skip":true},"29":{"start":{"line":106,"column":16},"end":{"line":106,"column":22},"skip":true},"30":{"start":{"line":108,"column":12},"end":{"line":120,"column":13},"skip":true},"31":{"start":{"line":114,"column":16},"end":{"line":119,"column":17},"skip":true},"32":{"start":{"line":116,"column":20},"end":{"line":116,"column":78},"skip":true},"33":{"start":{"line":118,"column":20},"end":{"line":118,"column":47},"skip":true},"34":{"start":{"line":123,"column":8},"end":{"line":141,"column":11},"skip":true},"35":{"start":{"line":124,"column":12},"end":{"line":124,"column":54},"skip":true},"36":{"start":{"line":125,"column":12},"end":{"line":140,"column":14},"skip":true},"37":{"start":{"line":126,"column":16},"end":{"line":126,"column":28},"skip":true},"38":{"start":{"line":127,"column":16},"end":{"line":127,"column":69},"skip":true},"39":{"start":{"line":128,"column":16},"end":{"line":128,"column":75},"skip":true},"40":{"start":{"line":129,"column":16},"end":{"line":131,"column":17},"skip":true},"41":{"start":{"line":130,"column":20},"end":{"line":130,"column":27},"skip":true},"42":{"start":{"line":133,"column":16},"end":{"line":137,"column":36},"skip":true},"43":{"start":{"line":134,"column":20},"end":{"line":136,"column":55},"skip":true},"44":{"start":{"line":139,"column":16},"end":{"line":139,"column":57},"skip":true},"45":{"start":{"line":143,"column":8},"end":{"line":147,"column":11},"skip":true},"46":{"start":{"line":144,"column":12},"end":{"line":146,"column":15},"skip":true},"47":{"start":{"line":145,"column":16},"end":{"line":145,"column":70},"skip":true},"48":{"start":{"line":149,"column":8},"end":{"line":149,"column":31},"skip":true},"49":{"start":{"line":150,"column":8},"end":{"line":150,"column":14},"skip":true},"50":{"start":{"line":158,"column":8},"end":{"line":158,"column":31},"skip":true},"51":{"start":{"line":160,"column":8},"end":{"line":160,"column":33},"skip":true},"52":{"start":{"line":161,"column":8},"end":{"line":161,"column":37},"skip":true},"53":{"start":{"line":162,"column":8},"end":{"line":162,"column":35},"skip":true},"54":{"start":{"line":164,"column":8},"end":{"line":164,"column":50},"skip":true},"55":{"start":{"line":166,"column":8},"end":{"line":256,"column":2},"skip":true},"56":{"start":{"line":258,"column":8},"end":{"line":286,"column":9},"skip":true},"57":{"start":{"line":259,"column":12},"end":{"line":269,"column":14},"skip":true},"58":{"start":{"line":271,"column":12},"end":{"line":285,"column":19},"skip":true},"59":{"start":{"line":274,"column":20},"end":{"line":274,"column":35},"skip":true},"60":{"start":{"line":275,"column":20},"end":{"line":284,"column":21},"skip":true},"61":{"start":{"line":277,"column":24},"end":{"line":277,"column":64},"skip":true},"62":{"start":{"line":279,"column":24},"end":{"line":279,"column":40},"skip":true},"63":{"start":{"line":281,"column":24},"end":{"line":281,"column":40},"skip":true},"64":{"start":{"line":283,"column":24},"end":{"line":283,"column":39},"skip":true},"65":{"start":{"line":288,"column":8},"end":{"line":290,"column":9},"skip":true},"66":{"start":{"line":289,"column":12},"end":{"line":289,"column":18},"skip":true},"67":{"start":{"line":291,"column":8},"end":{"line":293,"column":54},"skip":true},"68":{"start":{"line":296,"column":8},"end":{"line":301,"column":37},"skip":true},"69":{"start":{"line":303,"column":8},"end":{"line":303,"column":82},"skip":true},"70":{"start":{"line":306,"column":8},"end":{"line":308,"column":9},"skip":true},"71":{"start":{"line":307,"column":12},"end":{"line":307,"column":82},"skip":true},"72":{"start":{"line":310,"column":8},"end":{"line":312,"column":9},"skip":true},"73":{"start":{"line":311,"column":12},"end":{"line":311,"column":18},"skip":true},"74":{"start":{"line":313,"column":8},"end":{"line":313,"column":54},"skip":true},"75":{"start":{"line":314,"column":8},"end":{"line":314,"column":69},"skip":true},"76":{"start":{"line":315,"column":8},"end":{"line":323,"column":36},"skip":true},"77":{"start":{"line":316,"column":12},"end":{"line":316,"column":61},"skip":true},"78":{"start":{"line":317,"column":12},"end":{"line":320,"column":13},"skip":true},"79":{"start":{"line":318,"column":16},"end":{"line":318,"column":75},"skip":true},"80":{"start":{"line":319,"column":16},"end":{"line":319,"column":23},"skip":true},"81":{"start":{"line":321,"column":12},"end":{"line":321,"column":38},"skip":true},"82":{"start":{"line":322,"column":12},"end":{"line":322,"column":27},"skip":true},"83":{"start":{"line":324,"column":8},"end":{"line":324,"column":14},"skip":true}},"branchMap":{"1":{"line":39,"type":"binary-expr","locations":[{"start":{"line":39,"column":23},"end":{"line":39,"column":62}},{"start":{"line":40,"column":20},"end":{"line":40,"column":70}},{"start":{"line":41,"column":20},"end":{"line":41,"column":71}},{"start":{"line":42,"column":20},"end":{"line":42,"column":29}}]},"2":{"line":44,"type":"binary-expr","locations":[{"start":{"line":44,"column":23},"end":{"line":44,"column":37}},{"start":{"line":45,"column":20},"end":{"line":45,"column":61}},{"start":{"line":46,"column":20},"end":{"line":46,"column":70}},{"start":{"line":47,"column":20},"end":{"line":47,"column":26}}]},"3":{"line":51,"type":"cond-expr","locations":[{"start":{"line":52,"column":14},"end":{"line":52,"column":20}},{"start":{"line":53,"column":14},"end":{"line":53,"column":20}}]},"4":{"line":55,"type":"binary-expr","locations":[{"start":{"line":55,"column":16},"end":{"line":55,"column":44}},{"start":{"line":55,"column":49},"end":{"line":57,"column":43}}]},"5":{"line":55,"type":"cond-expr","locations":[{"start":{"line":56,"column":14},"end":{"line":56,"column":52}},{"start":{"line":57,"column":14},"end":{"line":57,"column":43}}]},"6":{"line":61,"type":"switch","locations":[{"start":{"line":68,"column":4},"end":{"line":150,"column":14},"skip":true},{"start":{"line":156,"column":4},"end":{"line":324,"column":14},"skip":true}]},"7":{"line":70,"type":"if","locations":[{"start":{"line":70,"column":12},"end":{"line":70,"column":12},"skip":true},{"start":{"line":70,"column":12},"end":{"line":70,"column":12},"skip":true}]},"8":{"line":70,"type":"binary-expr","locations":[{"start":{"line":70,"column":16},"end":{"line":70,"column":22},"skip":true},{"start":{"line":70,"column":27},"end":{"line":70,"column":32},"skip":true},{"start":{"line":71,"column":20},"end":{"line":71,"column":39},"skip":true},{"start":{"line":72,"column":20},"end":{"line":72,"column":49},"skip":true},{"start":{"line":73,"column":20},"end":{"line":73,"column":58},"skip":true},{"start":{"line":74,"column":20},"end":{"line":74,"column":69},"skip":true}]},"9":{"line":79,"type":"switch","locations":[{"start":{"line":80,"column":20},"end":{"line":80,"column":33},"skip":true},{"start":{"line":81,"column":20},"end":{"line":83,"column":30},"skip":true},{"start":{"line":84,"column":20},"end":{"line":85,"column":49},"skip":true}]},"10":{"line":89,"type":"switch","locations":[{"start":{"line":90,"column":12},"end":{"line":103,"column":22},"skip":true},{"start":{"line":105,"column":12},"end":{"line":106,"column":22},"skip":true}]},"11":{"line":89,"type":"binary-expr","locations":[{"start":{"line":89,"column":20},"end":{"line":89,"column":25},"skip":true},{"start":{"line":89,"column":29},"end":{"line":89,"column":48},"skip":true},{"start":{"line":89,"column":52},"end":{"line":89,"column":74},"skip":true}]},"12":{"line":92,"type":"if","locations":[{"start":{"line":92,"column":16},"end":{"line":92,"column":16},"skip":true},{"start":{"line":92,"column":16},"end":{"line":92,"column":16},"skip":true}]},"13":{"line":108,"type":"if","locations":[{"start":{"line":108,"column":12},"end":{"line":108,"column":12},"skip":true},{"start":{"line":108,"column":12},"end":{"line":108,"column":12},"skip":true}]},"14":{"line":108,"type":"binary-expr","locations":[{"start":{"line":108,"column":16},"end":{"line":108,"column":61},"skip":true},{"start":{"line":108,"column":66},"end":{"line":108,"column":72},"skip":true},{"start":{"line":108,"column":77},"end":{"line":108,"column":82},"skip":true},{"start":{"line":109,"column":20},"end":{"line":109,"column":39},"skip":true},{"start":{"line":110,"column":20},"end":{"line":110,"column":49},"skip":true},{"start":{"line":111,"column":20},"end":{"line":111,"column":58},"skip":true},{"start":{"line":112,"column":20},"end":{"line":112,"column":68},"skip":true}]},"15":{"line":129,"type":"if","locations":[{"start":{"line":129,"column":16},"end":{"line":129,"column":16},"skip":true},{"start":{"line":129,"column":16},"end":{"line":129,"column":16},"skip":true}]},"16":{"line":134,"type":"cond-expr","locations":[{"start":{"line":135,"column":26},"end":{"line":135,"column":29},"skip":true},{"start":{"line":136,"column":26},"end":{"line":136,"column":54},"skip":true}]},"17":{"line":164,"type":"binary-expr","locations":[{"start":{"line":164,"column":27},"end":{"line":164,"column":43},"skip":true},{"start":{"line":164,"column":47},"end":{"line":164,"column":49},"skip":true}]},"18":{"line":258,"type":"if","locations":[{"start":{"line":258,"column":8},"end":{"line":258,"column":8},"skip":true},{"start":{"line":258,"column":8},"end":{"line":258,"column":8},"skip":true}]},"19":{"line":275,"type":"switch","locations":[{"start":{"line":276,"column":20},"end":{"line":277,"column":64},"skip":true},{"start":{"line":278,"column":20},"end":{"line":279,"column":40},"skip":true},{"start":{"line":280,"column":20},"end":{"line":281,"column":40},"skip":true},{"start":{"line":282,"column":20},"end":{"line":283,"column":39},"skip":true}]},"20":{"line":288,"type":"if","locations":[{"start":{"line":288,"column":8},"end":{"line":288,"column":8},"skip":true},{"start":{"line":288,"column":8},"end":{"line":288,"column":8},"skip":true}]},"21":{"line":288,"type":"binary-expr","locations":[{"start":{"line":288,"column":12},"end":{"line":288,"column":40},"skip":true},{"start":{"line":288,"column":44},"end":{"line":288,"column":67},"skip":true}]},"22":{"line":292,"type":"binary-expr","locations":[{"start":{"line":292,"column":12},"end":{"line":292,"column":50},"skip":true},{"start":{"line":293,"column":12},"end":{"line":293,"column":53},"skip":true}]},"23":{"line":297,"type":"binary-expr","locations":[{"start":{"line":297,"column":12},"end":{"line":297,"column":66},"skip":true},{"start":{"line":298,"column":12},"end":{"line":301,"column":36},"skip":true}]},"24":{"line":303,"type":"binary-expr","locations":[{"start":{"line":303,"column":43},"end":{"line":303,"column":75},"skip":true},{"start":{"line":303,"column":79},"end":{"line":303,"column":81},"skip":true}]},"25":{"line":306,"type":"if","locations":[{"start":{"line":306,"column":8},"end":{"line":306,"column":8},"skip":true},{"start":{"line":306,"column":8},"end":{"line":306,"column":8},"skip":true}]},"26":{"line":310,"type":"if","locations":[{"start":{"line":310,"column":8},"end":{"line":310,"column":8},"skip":true},{"start":{"line":310,"column":8},"end":{"line":310,"column":8},"skip":true}]},"27":{"line":313,"type":"binary-expr","locations":[{"start":{"line":313,"column":27},"end":{"line":313,"column":43},"skip":true},{"start":{"line":313,"column":47},"end":{"line":313,"column":53},"skip":true}]},"28":{"line":317,"type":"if","locations":[{"start":{"line":317,"column":12},"end":{"line":317,"column":12},"skip":true},{"start":{"line":317,"column":12},"end":{"line":317,"column":12},"skip":true}]}},"code":["/*","example.js","","quickstart example","","instruction","    1. save this script as example.js","    2. run the shell command:","        $ npm install npmtest-intro.js && PORT=8081 node example.js","    3. play with the browser-demo on http://127.0.0.1:8081","*/","","","","/* istanbul instrument in package npmtest_intro_js */","/*jslint","    bitwise: true,","    browser: true,","    maxerr: 8,","    maxlen: 96,","    node: true,","    nomen: true,","    regexp: true,","    stupid: true","*/","(function () {","    'use strict';","    var local;","","","","    // run shared js-env code - init-before","    (function () {","        // init local","        local = {};","        // init modeJs","        local.modeJs = (function () {","            try {","                return typeof navigator.userAgent === 'string' &&","                    typeof document.querySelector('body') === 'object' &&","                    typeof XMLHttpRequest.prototype.open === 'function' &&","                    'browser';","            } catch (errorCaughtBrowser) {","                return module.exports &&","                    typeof process.versions.node === 'string' &&","                    typeof require('http').createServer === 'function' &&","                    'node';","            }","        }());","        // init global","        local.global = local.modeJs === 'browser'","            ? window","            : global;","        // init utility2_rollup","        local = local.global.utility2_rollup || (local.modeJs === 'browser'","            ? local.global.utility2_npmtest_intro_js","            : global.utility2_moduleExports);","        // export local","        local.global.local = local;","    }());","    switch (local.modeJs) {","","","","    // init-after","    // run browser js-env code - init-after","    /* istanbul ignore next */","    case 'browser':","        local.testRunBrowser = function (event) {","            if (!event || (event &&","                    event.currentTarget &&","                    event.currentTarget.className &&","                    event.currentTarget.className.includes &&","                    event.currentTarget.className.includes('onreset'))) {","                // reset output","                Array.from(","                    document.querySelectorAll('body > .resettable')","                ).forEach(function (element) {","                    switch (element.tagName) {","                    case 'INPUT':","                    case 'TEXTAREA':","                        element.value = '';","                        break;","                    default:","                        element.textContent = '';","                    }","                });","            }","            switch (event && event.currentTarget && event.currentTarget.id) {","            case 'testRunButton1':","                // show tests","                if (document.querySelector('#testReportDiv1').style.display === 'none') {","                    document.querySelector('#testReportDiv1').style.display = 'block';","                    document.querySelector('#testRunButton1').textContent =","                        'hide internal test';","                    local.modeTest = true;","                    local.testRunDefault(local);","                // hide tests","                } else {","                    document.querySelector('#testReportDiv1').style.display = 'none';","                    document.querySelector('#testRunButton1').textContent = 'run internal test';","                }","                break;","            // custom-case","            default:","                break;","            }","            if (document.querySelector('#inputTextareaEval1') && (!event || (event &&","                    event.currentTarget &&","                    event.currentTarget.className &&","                    event.currentTarget.className.includes &&","                    event.currentTarget.className.includes('oneval')))) {","                // try to eval input-code","                try {","                    /*jslint evil: true*/","                    eval(document.querySelector('#inputTextareaEval1').value);","                } catch (errorCaught) {","                    console.error(errorCaught);","                }","            }","        };","        // log stderr and stdout to #outputTextareaStdout1","        ['error', 'log'].forEach(function (key) {","            console[key + '_original'] = console[key];","            console[key] = function () {","                var element;","                console[key + '_original'].apply(console, arguments);","                element = document.querySelector('#outputTextareaStdout1');","                if (!element) {","                    return;","                }","                // append text to #outputTextareaStdout1","                element.value += Array.from(arguments).map(function (arg) {","                    return typeof arg === 'string'","                        ? arg","                        : JSON.stringify(arg, null, 4);","                }).join(' ') + '\\n';","                // scroll textarea to bottom","                element.scrollTop = element.scrollHeight;","            };","        });","        // init event-handling","        ['change', 'click', 'keyup'].forEach(function (event) {","            Array.from(document.querySelectorAll('.on' + event)).forEach(function (element) {","                element.addEventListener(event, local.testRunBrowser);","            });","        });","        // run tests","        local.testRunBrowser();","        break;","","","","    // run node js-env code - init-after","    /* istanbul ignore next */","    case 'node':","        // export local","        module.exports = local;","        // require modules","        local.fs = require('fs');","        local.http = require('http');","        local.url = require('url');","        // init assets","        local.assetsDict = local.assetsDict || {};","        /* jslint-ignore-begin */","        local.assetsDict['/assets.index.template.html'] = '\\","<!doctype html>\\n\\","<html lang=\"en\">\\n\\","<head>\\n\\","<meta charset=\"UTF-8\">\\n\\","<meta name=\"viewport\" content=\"width=device-width, initial-scale=1\">\\n\\","<title>{{env.npm_package_name}} (v{{env.npm_package_version}})</title>\\n\\","<style>\\n\\","/*csslint\\n\\","    box-sizing: false,\\n\\","    universal-selector: false\\n\\","*/\\n\\","* {\\n\\","    box-sizing: border-box;\\n\\","}\\n\\","body {\\n\\","    background: #dde;\\n\\","    font-family: Arial, Helvetica, sans-serif;\\n\\","    margin: 2rem;\\n\\","}\\n\\","body > * {\\n\\","    margin-bottom: 1rem;\\n\\","}\\n\\",".utility2FooterDiv {\\n\\","    margin-top: 20px;\\n\\","    text-align: center;\\n\\","}\\n\\","</style>\\n\\","<style>\\n\\","/*csslint\\n\\","*/\\n\\","textarea {\\n\\","    font-family: monospace;\\n\\","    height: 10rem;\\n\\","    width: 100%;\\n\\","}\\n\\","textarea[readonly] {\\n\\","    background: #ddd;\\n\\","}\\n\\","</style>\\n\\","</head>\\n\\","<body>\\n\\","<!-- utility2-comment\\n\\","<div id=\"ajaxProgressDiv1\" style=\"background: #d00; height: 2px; left: 0; margin: 0; padding: 0; position: fixed; top: 0; transition: background 0.5s, width 1.5s; width: 25%;\"></div>\\n\\","utility2-comment -->\\n\\","<h1>\\n\\","<!-- utility2-comment\\n\\","    <a\\n\\","        {{#if env.npm_package_homepage}}\\n\\","        href=\"{{env.npm_package_homepage}}\"\\n\\","        {{/if env.npm_package_homepage}}\\n\\","        target=\"_blank\"\\n\\","    >\\n\\","utility2-comment -->\\n\\","        {{env.npm_package_name}} (v{{env.npm_package_version}})\\n\\","<!-- utility2-comment\\n\\","    </a>\\n\\","utility2-comment -->\\n\\","</h1>\\n\\","<h3>{{env.npm_package_description}}</h3>\\n\\","<!-- utility2-comment\\n\\","<h4><a download href=\"assets.app.js\">download standalone app</a></h4>\\n\\","<button class=\"onclick onreset\" id=\"testRunButton1\">run internal test</button><br>\\n\\","<div id=\"testReportDiv1\" style=\"display: none;\"></div>\\n\\","utility2-comment -->\\n\\","\\n\\","\\n\\","\\n\\","<label>stderr and stdout</label>\\n\\","<textarea class=\"resettable\" id=\"outputTextareaStdout1\" readonly></textarea>\\n\\","<!-- utility2-comment\\n\\","{{#if isRollup}}\\n\\","<script src=\"assets.app.js\"></script>\\n\\","{{#unless isRollup}}\\n\\","utility2-comment -->\\n\\","<script src=\"assets.utility2.rollup.js\"></script>\\n\\","<script src=\"jsonp.utility2._stateInit?callback=window.utility2._stateInit\"></script>\\n\\","<script src=\"assets.npmtest_intro_js.rollup.js\"></script>\\n\\","<script src=\"assets.example.js\"></script>\\n\\","<script src=\"assets.test.js\"></script>\\n\\","<!-- utility2-comment\\n\\","{{/if isRollup}}\\n\\","utility2-comment -->\\n\\","<div class=\"utility2FooterDiv\">\\n\\","    [ this app was created with\\n\\","    <a href=\"https://github.com/kaizhu256/node-utility2\" target=\"_blank\">utility2</a>\\n\\","    ]\\n\\","</div>\\n\\","</body>\\n\\","</html>\\n\\","';","        /* jslint-ignore-end */","        if (local.templateRender) {","            local.assetsDict['/'] = local.templateRender(","                local.assetsDict['/assets.index.template.html'],","                {","                    env: local.objectSetDefault(local.env, {","                        npm_package_description: 'the greatest app in the world!',","                        npm_package_name: 'my-app',","                        npm_package_nameAlias: 'my_app',","                        npm_package_version: '0.0.1'","                    })","                }","            );","        } else {","            local.assetsDict['/'] = local.assetsDict['/assets.index.template.html']","                .replace((/\\{\\{env\\.(\\w+?)\\}\\}/g), function (match0, match1) {","                    // jslint-hack","                    String(match0);","                    switch (match1) {","                    case 'npm_package_description':","                        return 'the greatest app in the world!';","                    case 'npm_package_name':","                        return 'my-app';","                    case 'npm_package_nameAlias':","                        return 'my_app';","                    case 'npm_package_version':","                        return '0.0.1';","                    }","                });","        }","        // run the cli","        if (local.global.utility2_rollup || module !== require.main) {","            break;","        }","        local.assetsDict['/assets.example.js'] =","            local.assetsDict['/assets.example.js'] ||","            local.fs.readFileSync(__filename, 'utf8');","        // bug-workaround - long $npm_package_buildCustomOrg","        /* jslint-ignore-begin */","        local.assetsDict['/assets.npmtest_intro_js.rollup.js'] =","            local.assetsDict['/assets.npmtest_intro_js.rollup.js'] ||","            local.fs.readFileSync(","                local.npmtest_intro_js.__dirname + '/lib.npmtest_intro_js.js',","                'utf8'","            ).replace((/^#!/), '//');","        /* jslint-ignore-end */","        local.assetsDict['/favicon.ico'] = local.assetsDict['/favicon.ico'] || '';","        // if $npm_config_timeout_exit exists,","        // then exit this process after $npm_config_timeout_exit ms","        if (Number(process.env.npm_config_timeout_exit)) {","            setTimeout(process.exit, Number(process.env.npm_config_timeout_exit));","        }","        // start server","        if (local.global.utility2_serverHttp1) {","            break;","        }","        process.env.PORT = process.env.PORT || '8081';","        console.error('server starting on port ' + process.env.PORT);","        local.http.createServer(function (request, response) {","            request.urlParsed = local.url.parse(request.url);","            if (local.assetsDict[request.urlParsed.pathname] !== undefined) {","                response.end(local.assetsDict[request.urlParsed.pathname]);","                return;","            }","            response.statusCode = 404;","            response.end();","        }).listen(process.env.PORT);","        break;","    }","}());",""],"l":{"26":2,"28":2,"33":2,"35":2,"37":2,"38":2,"39":2,"44":1,"51":2,"55":2,"59":2,"61":2,"69":1,"70":2,"76":2,"79":2,"82":2,"83":2,"85":1,"89":2,"92":1,"93":1,"94":1,"96":1,"97":1,"100":1,"101":1,"103":1,"106":1,"108":2,"114":1,"116":1,"118":1,"123":1,"124":2,"125":2,"126":3,"127":3,"128":3,"129":3,"130":1,"133":3,"134":3,"139":3,"143":1,"144":3,"145":1,"149":1,"150":1,"158":1,"160":1,"161":1,"162":1,"164":1,"166":1,"258":1,"259":1,"271":1,"274":6,"275":6,"277":1,"279":2,"281":1,"283":2,"288":1,"289":1,"291":1,"296":1,"303":1,"306":1,"307":1,"310":1,"311":1,"313":1,"314":1,"315":1,"316":1,"317":1,"318":1,"319":1,"321":1,"322":1,"324":1}},"/home/travis/build/npmtest/node-npmtest-intro.js/node_modules/intro.js/intro.js":{"path":"/home/travis/build/npmtest/node-npmtest-intro.js/node_modules/intro.js/intro.js","s":{"1":1,"2":1,"3":1,"4":0,"5":0,"6":0,"7":1,"8":1,"9":0,"10":0,"11":0,"12":1,"13":0,"14":0,"15":0,"16":0,"17":0,"18":0,"19":0,"20":0,"21":0,"22":0,"23":0,"24":0,"25":0,"26":0,"27":0,"28":0,"29":0,"30":0,"31":0,"32":0,"33":0,"34":0,"35":0,"36":0,"37":0,"38":0,"39":0,"40":0,"41":0,"42":0,"43":0,"44":0,"45":0,"46":0,"47":0,"48":0,"49":0,"50":0,"51":0,"52":0,"53":0,"54":0,"55":0,"56":0,"57":0,"58":0,"59":0,"60":0,"61":0,"62":0,"63":0,"64":0,"65":0,"66":0,"67":0,"68":0,"69":0,"70":0,"71":0,"72":0,"73":0,"74":0,"75":0,"76":0,"77":0,"78":0,"79":0,"80":0,"81":0,"82":0,"83":0,"84":0,"85":0,"86":0,"87":0,"88":0,"89":0,"90":1,"91":0,"92":0,"93":0,"94":0,"95":0,"96":0,"97":0,"98":0,"99":1,"100":0,"101":0,"102":0,"103":1,"104":0,"105":0,"106":0,"107":1,"108":0,"109":0,"110":0,"111":0,"112":0,"113":0,"114":0,"115":0,"116":0,"117":0,"118":0,"119":0,"120":0,"121":0,"122":0,"123":0,"124":0,"125":0,"126":0,"127":1,"128":0,"129":0,"130":0,"131":0,"132":0,"133":0,"134":0,"135":1,"136":0,"137":0,"138":0,"139":0,"140":0,"141":0,"142":0,"143":0,"144":0,"145":0,"146":0,"147":0,"148":0,"149":0,"150":0,"151":0,"152":0,"153":0,"154":0,"155":0,"156":0,"157":0,"158":0,"159":0,"160":0,"161":0,"162":0,"163":0,"164":0,"165":0,"166":0,"167":0,"168":1,"169":0,"170":0,"171":0,"172":0,"173":0,"174":0,"175":0,"176":0,"177":0,"178":0,"179":0,"180":0,"181":0,"182":0,"183":0,"184":0,"185":0,"186":0,"187":0,"188":0,"189":0,"190":0,"191":0,"192":0,"193":0,"194":0,"195":0,"196":0,"197":0,"198":0,"199":0,"200":0,"201":0,"202":0,"203":0,"204":0,"205":0,"206":0,"207":0,"208":0,"209":0,"210":0,"211":0,"212":0,"213":0,"214":0,"215":0,"216":0,"217":0,"218":0,"219":0,"220":0,"221":0,"222":0,"223":0,"224":0,"225":0,"226":0,"227":0,"228":0,"229":0,"230":0,"231":0,"232":0,"233":0,"234":0,"235":0,"236":0,"237":0,"238":0,"239":0,"240":0,"241":0,"242":0,"243":0,"244":0,"245":1,"246":0,"247":0,"248":0,"249":0,"250":0,"251":1,"252":0,"253":0,"254":0,"255":0,"256":0,"257":1,"258":0,"259":0,"260":0,"261":0,"262":0,"263":0,"264":0,"265":0,"266":0,"267":0,"268":0,"269":0,"270":0,"271":0,"272":0,"273":0,"274":0,"275":0,"276":0,"277":0,"278":0,"279":0,"280":0,"281":1,"282":0,"283":0,"284":1,"285":0,"286":0,"287":0,"288":0,"289":0,"290":0,"291":0,"292":0,"293":0,"294":0,"295":1,"296":0,"297":0,"298":0,"299":0,"300":0,"301":0,"302":1,"303":0,"304":0,"305":1,"306":0,"307":0,"308":0,"309":0,"310":0,"311":0,"312":0,"313":0,"314":0,"315":0,"316":0,"317":0,"318":0,"319":0,"320":0,"321":0,"322":0,"323":0,"324":0,"325":0,"326":0,"327":0,"328":0,"329":0,"330":0,"331":0,"332":0,"333":0,"334":0,"335":0,"336":0,"337":0,"338":0,"339":0,"340":0,"341":0,"342":0,"343":0,"344":0,"345":0,"346":0,"347":0,"348":0,"349":0,"350":0,"351":0,"352":0,"353":0,"354":0,"355":0,"356":0,"357":0,"358":0,"359":0,"360":0,"361":0,"362":0,"363":0,"364":0,"365":0,"366":0,"367":0,"368":0,"369":0,"370":0,"371":0,"372":0,"373":0,"374":0,"375":0,"376":0,"377":0,"378":0,"379":0,"380":0,"381":0,"382":0,"383":0,"384":0,"385":0,"386":0,"387":0,"388":0,"389":0,"390":0,"391":0,"392":0,"393":0,"394":0,"395":0,"396":0,"397":0,"398":0,"399":0,"400":0,"401":0,"402":0,"403":0,"404":0,"405":0,"406":0,"407":0,"408":0,"409":0,"410":0,"411":0,"412":0,"413":0,"414":0,"415":0,"416":0,"417":0,"418":0,"419":0,"420":0,"421":0,"422":0,"423":0,"424":0,"425":0,"426":0,"427":0,"428":0,"429":0,"430":0,"431":0,"432":0,"433":0,"434":0,"435":0,"436":0,"437":0,"438":0,"439":0,"440":0,"441":0,"442":0,"443":0,"444":0,"445":0,"446":0,"447":0,"448":0,"449":0,"450":0,"451":0,"452":0,"453":0,"454":0,"455":0,"456":1,"457":0,"458":0,"459":0,"460":0,"461":1,"462":0,"463":0,"464":0,"465":0,"466":0,"467":0,"468":0,"469":0,"470":0,"471":0,"472":0,"473":0,"474":0,"475":0,"476":0,"477":0,"478":0,"479":0,"480":0,"481":0,"482":0,"483":0,"484":1,"485":0,"486":0,"487":0,"488":0,"489":1,"490":0,"491":0,"492":0,"493":0,"494":1,"495":0,"496":0,"497":0,"498":0,"499":0,"500":0,"501":0,"502":0,"503":1,"504":0,"505":0,"506":0,"507":0,"508":0,"509":0,"510":1,"511":0,"512":0,"513":0,"514":0,"515":1,"516":0,"517":0,"518":1,"519":0,"520":0,"521":0,"522":0,"523":0,"524":0,"525":0,"526":0,"527":0,"528":0,"529":0,"530":0,"531":0,"532":0,"533":0,"534":0,"535":0,"536":1,"537":0,"538":0,"539":0,"540":0,"541":0,"542":1,"543":0,"544":0,"545":0,"546":0,"547":0,"548":0,"549":0,"550":0,"551":0,"552":0,"553":0,"554":0,"555":0,"556":0,"557":0,"558":0,"559":0,"560":0,"561":0,"562":0,"563":0,"564":0,"565":0,"566":0,"567":0,"568":0,"569":0,"570":0,"571":1,"572":0,"573":0,"574":0,"575":0,"576":0,"577":1,"578":0,"579":0,"580":0,"581":0,"582":0,"583":0,"584":1,"585":0,"586":0,"587":0,"588":0,"589":1,"590":0,"591":0,"592":0,"593":0,"594":0,"595":1,"596":0,"597":0,"598":0,"599":1,"600":0,"601":0,"602":0,"603":0,"604":1,"605":0,"606":0,"607":0,"608":1,"609":0,"610":0,"611":0,"612":0,"613":0,"614":0,"615":0,"616":0,"617":0,"618":0,"619":0,"620":0,"621":0,"622":0,"623":0,"624":0,"625":0,"626":0,"627":0,"628":0,"629":0,"630":0,"631":0,"632":0,"633":0,"634":0,"635":0,"636":0,"637":0,"638":0,"639":0,"640":0,"641":0,"642":0,"643":0,"644":0,"645":0,"646":0,"647":0,"648":1,"649":0,"650":0,"651":0,"652":0,"653":0,"654":0,"655":0,"656":0,"657":0,"658":0,"659":0,"660":0,"661":0,"662":0,"663":0,"664":0,"665":0,"666":0,"667":0,"668":0,"669":0,"670":0,"671":0,"672":0,"673":0,"674":0,"675":0,"676":0,"677":0,"678":0,"679":0,"680":1,"681":0,"682":0,"683":0,"684":0,"685":0,"686":0,"687":0,"688":0,"689":0,"690":0,"691":0,"692":0,"693":0,"694":0,"695":0,"696":0,"697":0,"698":0,"699":0,"700":0,"701":0,"702":0,"703":0,"704":0,"705":0,"706":0,"707":0,"708":0,"709":0,"710":0,"711":0,"712":0,"713":0,"714":1,"715":0,"716":0,"717":0,"718":0,"719":0,"720":0,"721":0,"722":0,"723":0,"724":0,"725":0,"726":0,"727":0,"728":0,"729":0,"730":0,"731":0,"732":0,"733":0,"734":0,"735":0,"736":0,"737":1,"738":0,"739":0,"740":1,"741":0,"742":0,"743":0,"744":0,"745":0,"746":0,"747":1,"748":0,"749":0,"750":0,"751":0,"752":0,"753":0,"754":0,"755":0,"756":1,"757":1,"758":0,"759":0,"760":0,"761":0,"762":0,"763":0,"764":0,"765":0,"766":0,"767":0,"768":0,"769":0,"770":0,"771":0,"772":0,"773":0,"774":0,"775":0,"776":0,"777":0,"778":0,"779":0,"780":0,"781":0,"782":0,"783":0,"784":0,"785":0,"786":0,"787":0,"788":0,"789":0,"790":0,"791":0,"792":0,"793":0,"794":0,"795":0,"796":0,"797":0,"798":0,"799":0,"800":0,"801":0,"802":0,"803":0,"804":0,"805":0,"806":0,"807":0,"808":0,"809":0,"810":0,"811":0,"812":0,"813":0,"814":0,"815":0,"816":0,"817":0,"818":0,"819":0,"820":0,"821":0,"822":0,"823":0,"824":0,"825":0,"826":0,"827":0,"828":0,"829":0,"830":0,"831":0,"832":0,"833":0,"834":1,"835":1},"b":{"1":[1,0],"2":[0,0],"3":[0,0],"4":[0,0],"5":[0,0],"6":[0,0],"7":[0,0],"8":[0,0],"9":[0,0],"10":[0,0],"11":[0,0],"12":[0,0],"13":[0,0],"14":[0,0],"15":[0,0],"16":[0,0],"17":[0,0],"18":[0,0],"19":[0,0],"20":[0,0],"21":[0,0],"22":[0,0],"23":[0,0],"24":[0,0],"25":[0,0],"26":[0,0],"27":[0,0],"28":[0,0],"29":[0,0],"30":[0,0],"31":[0,0],"32":[0,0],"33":[0,0],"34":[0,0],"35":[0,0],"36":[0,0],"37":[0,0,0],"38":[0,0],"39":[0,0],"40":[0,0],"41":[0,0],"42":[0,0],"43":[0,0],"44":[0,0],"45":[0,0],"46":[0,0],"47":[0,0],"48":[0,0],"49":[0,0],"50":[0,0],"51":[0,0],"52":[0,0],"53":[0,0],"54":[0,0],"55":[0,0],"56":[0,0],"57":[0,0],"58":[0,0],"59":[0,0],"60":[0,0],"61":[0,0],"62":[0,0],"63":[0,0],"64":[0,0],"65":[0,0],"66":[0,0],"67":[0,0],"68":[0,0],"69":[0,0],"70":[0,0,0,0,0,0,0,0,0],"71":[0,0],"72":[0,0],"73":[0,0],"74":[0,0],"75":[0,0],"76":[0,0],"77":[0,0],"78":[0,0],"79":[0,0],"80":[0,0],"81":[0,0],"82":[0,0],"83":[0,0],"84":[0,0],"85":[0,0],"86":[0,0],"87":[0,0],"88":[0,0],"89":[0,0],"90":[0,0],"91":[0,0],"92":[0,0],"93":[0,0],"94":[0,0],"95":[0,0],"96":[0,0],"97":[0,0],"98":[0,0],"99":[0,0],"100":[0,0],"101":[0,0],"102":[0,0],"103":[0,0],"104":[0,0],"105":[0,0,0,0,0],"106":[0,0],"107":[0,0],"108":[0,0],"109":[0,0],"110":[0,0],"111":[0,0],"112":[0,0],"113":[0,0],"114":[0,0],"115":[0,0],"116":[0,0],"117":[0,0],"118":[0,0],"119":[0,0],"120":[0,0],"121":[0,0],"122":[0,0],"123":[0,0],"124":[0,0],"125":[0,0],"126":[0,0],"127":[0,0],"128":[0,0],"129":[0,0],"130":[0,0],"131":[0,0],"132":[0,0],"133":[0,0],"134":[0,0],"135":[0,0],"136":[0,0],"137":[0,0],"138":[0,0],"139":[0,0],"140":[0,0,0],"141":[0,0],"142":[0,0],"143":[0,0,0,0,0],"144":[0,0],"145":[0,0,0,0],"146":[0,0],"147":[0,0],"148":[0,0],"149":[0,0],"150":[0,0],"151":[0,0],"152":[0,0],"153":[0,0],"154":[0,0],"155":[0,0],"156":[0,0],"157":[0,0],"158":[0,0],"159":[0,0,0,0],"160":[0,0],"161":[0,0],"162":[0,0],"163":[0,0],"164":[0,0],"165":[0,0],"166":[0,0],"167":[0,0],"168":[0,0],"169":[0,0],"170":[0,0],"171":[0,0],"172":[0,0],"173":[0,0],"174":[0,0],"175":[0,0],"176":[0,0],"177":[0,0],"178":[0,0],"179":[0,0],"180":[0,0],"181":[0,0],"182":[0,0],"183":[0,0],"184":[0,0],"185":[0,0],"186":[0,0],"187":[0,0],"188":[0,0],"189":[0,0],"190":[0,0],"191":[0,0],"192":[0,0],"193":[0,0],"194":[0,0],"195":[0,0,0,0,0,0,0,0,0,0],"196":[0,0],"197":[0,0],"198":[0,0],"199":[0,0,0],"200":[0,0,0],"201":[0,0],"202":[0,0,0],"203":[0,0],"204":[0,0],"205":[0,0],"206":[0,0],"207":[0,0],"208":[0,0],"209":[0,0],"210":[0,0],"211":[0,0],"212":[0,0],"213":[0,0],"214":[0,0],"215":[0,0]},"f":{"1":1,"2":1,"3":0,"4":0,"5":0,"6":0,"7":0,"8":0,"9":0,"10":0,"11":0,"12":0,"13":0,"14":0,"15":0,"16":0,"17":0,"18":0,"19":0,"20":0,"21":0,"22":0,"23":0,"24":0,"25":0,"26":0,"27":0,"28":0,"29":0,"30":0,"31":0,"32":0,"33":0,"34":0,"35":0,"36":0,"37":0,"38":0,"39":0,"40":0,"41":0,"42":0,"43":0,"44":0,"45":0,"46":0,"47":0,"48":0,"49":0,"50":0,"51":0,"52":0,"53":0,"54":0,"55":0,"56":0,"57":0,"58":0,"59":0,"60":0,"61":0,"62":0,"63":0,"64":0,"65":0,"66":0,"67":0,"68":0,"69":0,"70":0,"71":0,"72":0,"73":0,"74":0,"75":0,"76":0,"77":0,"78":0,"79":0,"80":0,"81":0,"82":0,"83":0,"84":0,"85":0},"fnMap":{"1":{"name":"(anonymous_1)","line":8,"loc":{"start":{"line":8,"column":1},"end":{"line":8,"column":26}}},"2":{"name":"(anonymous_2)","line":19,"loc":{"start":{"line":19,"column":9},"end":{"line":19,"column":28}}},"3":{"name":"IntroJs","line":28,"loc":{"start":{"line":28,"column":2},"end":{"line":28,"column":24}}},"4":{"name":"_introForElement","line":92,"loc":{"start":{"line":92,"column":2},"end":{"line":92,"column":39}}},"5":{"name":"(anonymous_5)","line":196,"loc":{"start":{"line":196,"column":20},"end":{"line":196,"column":36}}},"6":{"name":"(anonymous_6)","line":211,"loc":{"start":{"line":211,"column":24},"end":{"line":211,"column":36}}},"7":{"name":"(anonymous_7)","line":249,"loc":{"start":{"line":249,"column":23},"end":{"line":249,"column":35}}},"8":{"name":"_cloneObject","line":276,"loc":{"start":{"line":276,"column":2},"end":{"line":276,"column":32}}},"9":{"name":"_goToStep","line":296,"loc":{"start":{"line":296,"column":2},"end":{"line":296,"column":27}}},"10":{"name":"_goToStepNumber","line":310,"loc":{"start":{"line":310,"column":2},"end":{"line":310,"column":33}}},"11":{"name":"_nextStep","line":323,"loc":{"start":{"line":323,"column":2},"end":{"line":323,"column":23}}},"12":{"name":"_previousStep","line":366,"loc":{"start":{"line":366,"column":2},"end":{"line":366,"column":27}}},"13":{"name":"_exitIntro","line":388,"loc":{"start":{"line":388,"column":2},"end":{"line":388,"column":37}}},"14":{"name":"(anonymous_14)","line":397,"loc":{"start":{"line":397,"column":19},"end":{"line":397,"column":31}}},"15":{"name":"_placeTooltip","line":464,"loc":{"start":{"line":464,"column":2},"end":{"line":464,"column":95}}},"16":{"name":"_checkRight","line":611,"loc":{"start":{"line":611,"column":2},"end":{"line":611,"column":101}}},"17":{"name":"_checkLeft","line":626,"loc":{"start":{"line":626,"column":2},"end":{"line":626,"column":89}}},"18":{"name":"_determineAutoPosition","line":645,"loc":{"start":{"line":645,"column":2},"end":{"line":645,"column":87}}},"19":{"name":"_removeEntry","line":707,"loc":{"start":{"line":707,"column":2},"end":{"line":707,"column":53}}},"20":{"name":"_setHelperLayerPosition","line":720,"loc":{"start":{"line":720,"column":2},"end":{"line":720,"column":48}}},"21":{"name":"_disableInteraction","line":757,"loc":{"start":{"line":757,"column":2},"end":{"line":757,"column":33}}},"22":{"name":"_setAnchorAsButton","line":774,"loc":{"start":{"line":774,"column":2},"end":{"line":774,"column":37}}},"23":{"name":"_showElement","line":786,"loc":{"start":{"line":786,"column":2},"end":{"line":786,"column":39}}},"24":{"name":"(anonymous_24)","line":848,"loc":{"start":{"line":848,"column":46},"end":{"line":848,"column":57}}},"25":{"name":"(anonymous_25)","line":919,"loc":{"start":{"line":919,"column":29},"end":{"line":919,"column":40}}},"26":{"name":"(anonymous_26)","line":970,"loc":{"start":{"line":970,"column":34},"end":{"line":970,"column":45}}},"27":{"name":"(anonymous_27)","line":982,"loc":{"start":{"line":982,"column":34},"end":{"line":982,"column":45}}},"28":{"name":"(anonymous_28)","line":997,"loc":{"start":{"line":997,"column":34},"end":{"line":997,"column":45}}},"29":{"name":"_removeShowElement","line":1098,"loc":{"start":{"line":1098,"column":2},"end":{"line":1098,"column":32}}},"30":{"name":"_setShowElement","line":1115,"loc":{"start":{"line":1115,"column":2},"end":{"line":1115,"column":42}}},"31":{"name":"_setClass","line":1160,"loc":{"start":{"line":1160,"column":2},"end":{"line":1160,"column":41}}},"32":{"name":"_removeClass","line":1170,"loc":{"start":{"line":1170,"column":2},"end":{"line":1170,"column":49}}},"33":{"name":"_getPropValue","line":1190,"loc":{"start":{"line":1190,"column":2},"end":{"line":1190,"column":45}}},"34":{"name":"_isFixed","line":1214,"loc":{"start":{"line":1214,"column":2},"end":{"line":1214,"column":30}}},"35":{"name":"_getWinSize","line":1236,"loc":{"start":{"line":1236,"column":2},"end":{"line":1236,"column":25}}},"36":{"name":"_elementInViewport","line":1253,"loc":{"start":{"line":1253,"column":2},"end":{"line":1253,"column":34}}},"37":{"name":"_addOverlayLayer","line":1271,"loc":{"start":{"line":1271,"column":2},"end":{"line":1271,"column":39}}},"38":{"name":"(anonymous_38)","line":1294,"loc":{"start":{"line":1294,"column":27},"end":{"line":1294,"column":38}}},"39":{"name":"(anonymous_39)","line":1300,"loc":{"start":{"line":1300,"column":15},"end":{"line":1300,"column":26}}},"40":{"name":"_removeHintTooltip","line":1314,"loc":{"start":{"line":1314,"column":2},"end":{"line":1314,"column":32}}},"41":{"name":"_populateHints","line":1331,"loc":{"start":{"line":1331,"column":2},"end":{"line":1331,"column":37}}},"42":{"name":"_reAlignHints","line":1401,"loc":{"start":{"line":1401,"column":2},"end":{"line":1401,"column":27}}},"43":{"name":"_hideHint","line":1417,"loc":{"start":{"line":1417,"column":2},"end":{"line":1417,"column":29}}},"44":{"name":"_hideHints","line":1437,"loc":{"start":{"line":1437,"column":2},"end":{"line":1437,"column":24}}},"45":{"name":"_showHints","line":1453,"loc":{"start":{"line":1453,"column":2},"end":{"line":1453,"column":24}}},"46":{"name":"_showHint","line":1471,"loc":{"start":{"line":1471,"column":2},"end":{"line":1471,"column":29}}},"47":{"name":"_removeHints","line":1486,"loc":{"start":{"line":1486,"column":2},"end":{"line":1486,"column":26}}},"48":{"name":"_removeHint","line":1504,"loc":{"start":{"line":1504,"column":2},"end":{"line":1504,"column":31}}},"49":{"name":"_addHints","line":1518,"loc":{"start":{"line":1518,"column":2},"end":{"line":1518,"column":23}}},"50":{"name":"(anonymous_50)","line":1540,"loc":{"start":{"line":1540,"column":7},"end":{"line":1540,"column":32}}},"51":{"name":"(anonymous_51)","line":1542,"loc":{"start":{"line":1542,"column":23},"end":{"line":1542,"column":35}}},"52":{"name":"_alignHintPosition","line":1600,"loc":{"start":{"line":1600,"column":2},"end":{"line":1600,"column":55}}},"53":{"name":"_hintClick","line":1657,"loc":{"start":{"line":1657,"column":2},"end":{"line":1657,"column":49}}},"54":{"name":"(anonymous_54)","line":1678,"loc":{"start":{"line":1678,"column":27},"end":{"line":1678,"column":40}}},"55":{"name":"_getOffset","line":1731,"loc":{"start":{"line":1731,"column":2},"end":{"line":1731,"column":31}}},"56":{"name":"_getProgress","line":1777,"loc":{"start":{"line":1777,"column":2},"end":{"line":1777,"column":26}}},"57":{"name":"_mergeOptions","line":1791,"loc":{"start":{"line":1791,"column":2},"end":{"line":1791,"column":36}}},"58":{"name":"(anonymous_58)","line":1798,"loc":{"start":{"line":1798,"column":16},"end":{"line":1798,"column":37}}},"59":{"name":"(anonymous_59)","line":1827,"loc":{"start":{"line":1827,"column":11},"end":{"line":1827,"column":23}}},"60":{"name":"(anonymous_60)","line":1830,"loc":{"start":{"line":1830,"column":15},"end":{"line":1830,"column":39}}},"61":{"name":"(anonymous_61)","line":1834,"loc":{"start":{"line":1834,"column":16},"end":{"line":1834,"column":34}}},"62":{"name":"(anonymous_62)","line":1838,"loc":{"start":{"line":1838,"column":11},"end":{"line":1838,"column":23}}},"63":{"name":"(anonymous_63)","line":1842,"loc":{"start":{"line":1842,"column":14},"end":{"line":1842,"column":29}}},"64":{"name":"(anonymous_64)","line":1846,"loc":{"start":{"line":1846,"column":13},"end":{"line":1846,"column":31}}},"65":{"name":"(anonymous_65)","line":1855,"loc":{"start":{"line":1855,"column":14},"end":{"line":1855,"column":30}}},"66":{"name":"(anonymous_66)","line":1864,"loc":{"start":{"line":1864,"column":20},"end":{"line":1864,"column":35}}},"67":{"name":"(anonymous_67)","line":1869,"loc":{"start":{"line":1869,"column":14},"end":{"line":1869,"column":25}}},"68":{"name":"(anonymous_68)","line":1873,"loc":{"start":{"line":1873,"column":18},"end":{"line":1873,"column":29}}},"69":{"name":"(anonymous_69)","line":1877,"loc":{"start":{"line":1877,"column":10},"end":{"line":1877,"column":21}}},"70":{"name":"(anonymous_70)","line":1881,"loc":{"start":{"line":1881,"column":13},"end":{"line":1881,"column":24}}},"71":{"name":"(anonymous_71)","line":1890,"loc":{"start":{"line":1890,"column":20},"end":{"line":1890,"column":47}}},"72":{"name":"(anonymous_72)","line":1898,"loc":{"start":{"line":1898,"column":14},"end":{"line":1898,"column":41}}},"73":{"name":"(anonymous_73)","line":1906,"loc":{"start":{"line":1906,"column":19},"end":{"line":1906,"column":46}}},"74":{"name":"(anonymous_74)","line":1914,"loc":{"start":{"line":1914,"column":16},"end":{"line":1914,"column":43}}},"75":{"name":"(anonymous_75)","line":1922,"loc":{"start":{"line":1922,"column":18},"end":{"line":1922,"column":45}}},"76":{"name":"(anonymous_76)","line":1930,"loc":{"start":{"line":1930,"column":17},"end":{"line":1930,"column":44}}},"77":{"name":"(anonymous_77)","line":1938,"loc":{"start":{"line":1938,"column":17},"end":{"line":1938,"column":44}}},"78":{"name":"(anonymous_78)","line":1946,"loc":{"start":{"line":1946,"column":12},"end":{"line":1946,"column":39}}},"79":{"name":"(anonymous_79)","line":1954,"loc":{"start":{"line":1954,"column":14},"end":{"line":1954,"column":25}}},"80":{"name":"(anonymous_80)","line":1958,"loc":{"start":{"line":1958,"column":14},"end":{"line":1958,"column":32}}},"81":{"name":"(anonymous_81)","line":1962,"loc":{"start":{"line":1962,"column":15},"end":{"line":1962,"column":27}}},"82":{"name":"(anonymous_82)","line":1966,"loc":{"start":{"line":1966,"column":14},"end":{"line":1966,"column":32}}},"83":{"name":"(anonymous_83)","line":1970,"loc":{"start":{"line":1970,"column":15},"end":{"line":1970,"column":27}}},"84":{"name":"(anonymous_84)","line":1974,"loc":{"start":{"line":1974,"column":17},"end":{"line":1974,"column":29}}},"85":{"name":"(anonymous_85)","line":1978,"loc":{"start":{"line":1978,"column":16},"end":{"line":1978,"column":34}}}},"statementMap":{"1":{"start":{"line":8,"column":0},"end":{"line":1986,"column":4}},"2":{"start":{"line":9,"column":2},"end":{"line":18,"column":3}},"3":{"start":{"line":11,"column":4},"end":{"line":11,"column":21}},"4":{"start":{"line":12,"column":9},"end":{"line":18,"column":3}},"5":{"start":{"line":14,"column":4},"end":{"line":14,"column":33}},"6":{"start":{"line":17,"column":4},"end":{"line":17,"column":18}},"7":{"start":{"line":21,"column":2},"end":{"line":21,"column":24}},"8":{"start":{"line":28,"column":2},"end":{"line":82,"column":3}},"9":{"start":{"line":29,"column":4},"end":{"line":29,"column":30}},"10":{"start":{"line":30,"column":4},"end":{"line":30,"column":26}},"11":{"start":{"line":32,"column":4},"end":{"line":81,"column":6}},"12":{"start":{"line":92,"column":2},"end":{"line":269,"column":3}},"13":{"start":{"line":93,"column":4},"end":{"line":94,"column":20}},"14":{"start":{"line":96,"column":4},"end":{"line":185,"column":5}},"15":{"start":{"line":98,"column":6},"end":{"line":126,"column":7}},"16":{"start":{"line":99,"column":8},"end":{"line":99,"column":63}},"17":{"start":{"line":101,"column":8},"end":{"line":101,"column":49}},"18":{"start":{"line":103,"column":8},"end":{"line":106,"column":9}},"19":{"start":{"line":105,"column":10},"end":{"line":105,"column":76}},"20":{"start":{"line":109,"column":8},"end":{"line":121,"column":9}},"21":{"start":{"line":110,"column":10},"end":{"line":110,"column":87}},"22":{"start":{"line":112,"column":10},"end":{"line":117,"column":11}},"23":{"start":{"line":113,"column":12},"end":{"line":113,"column":65}},"24":{"start":{"line":114,"column":12},"end":{"line":114,"column":70}},"25":{"start":{"line":116,"column":12},"end":{"line":116,"column":60}},"26":{"start":{"line":119,"column":10},"end":{"line":119,"column":54}},"27":{"start":{"line":120,"column":10},"end":{"line":120,"column":44}},"28":{"start":{"line":123,"column":8},"end":{"line":125,"column":9}},"29":{"start":{"line":124,"column":10},"end":{"line":124,"column":39}},"30":{"start":{"line":130,"column":6},"end":{"line":130,"column":70}},"31":{"start":{"line":132,"column":6},"end":{"line":134,"column":7}},"32":{"start":{"line":133,"column":8},"end":{"line":133,"column":21}},"33":{"start":{"line":137,"column":6},"end":{"line":157,"column":7}},"34":{"start":{"line":138,"column":8},"end":{"line":138,"column":46}},"35":{"start":{"line":141,"column":8},"end":{"line":143,"column":9}},"36":{"start":{"line":142,"column":10},"end":{"line":142,"column":19}},"37":{"start":{"line":145,"column":8},"end":{"line":145,"column":74}},"38":{"start":{"line":147,"column":8},"end":{"line":156,"column":9}},"39":{"start":{"line":148,"column":10},"end":{"line":155,"column":12}},"40":{"start":{"line":161,"column":6},"end":{"line":161,"column":23}},"41":{"start":{"line":162,"column":6},"end":{"line":184,"column":7}},"42":{"start":{"line":163,"column":8},"end":{"line":163,"column":46}},"43":{"start":{"line":165,"column":8},"end":{"line":183,"column":9}},"44":{"start":{"line":167,"column":10},"end":{"line":173,"column":11}},"45":{"start":{"line":168,"column":12},"end":{"line":172,"column":13}},"46":{"start":{"line":169,"column":14},"end":{"line":169,"column":20}},"47":{"start":{"line":171,"column":14},"end":{"line":171,"column":25}},"48":{"start":{"line":175,"column":10},"end":{"line":182,"column":12}},"49":{"start":{"line":188,"column":4},"end":{"line":188,"column":28}},"50":{"start":{"line":189,"column":4},"end":{"line":191,"column":5}},"51":{"start":{"line":190,"column":6},"end":{"line":190,"column":58}},"52":{"start":{"line":193,"column":4},"end":{"line":193,"column":32}},"53":{"start":{"line":196,"column":4},"end":{"line":198,"column":7}},"54":{"start":{"line":197,"column":6},"end":{"line":197,"column":29}},"55":{"start":{"line":201,"column":4},"end":{"line":201,"column":34}},"56":{"start":{"line":204,"column":4},"end":{"line":267,"column":5}},"57":{"start":{"line":206,"column":6},"end":{"line":206,"column":27}},"58":{"start":{"line":208,"column":6},"end":{"line":209,"column":74}},"59":{"start":{"line":211,"column":6},"end":{"line":247,"column":8}},"60":{"start":{"line":212,"column":8},"end":{"line":246,"column":9}},"61":{"start":{"line":215,"column":10},"end":{"line":215,"column":43}},"62":{"start":{"line":216,"column":15},"end":{"line":246,"column":9}},"63":{"start":{"line":218,"column":10},"end":{"line":218,"column":35}},"64":{"start":{"line":219,"column":15},"end":{"line":246,"column":9}},"65":{"start":{"line":221,"column":10},"end":{"line":221,"column":31}},"66":{"start":{"line":222,"column":15},"end":{"line":246,"column":9}},"67":{"start":{"line":224,"column":10},"end":{"line":224,"column":48}},"68":{"start":{"line":225,"column":10},"end":{"line":238,"column":11}},"69":{"start":{"line":227,"column":12},"end":{"line":227,"column":37}},"70":{"start":{"line":228,"column":17},"end":{"line":238,"column":11}},"71":{"start":{"line":230,"column":12},"end":{"line":232,"column":13}},"72":{"start":{"line":231,"column":16},"end":{"line":231,"column":55}},"73":{"start":{"line":234,"column":12},"end":{"line":234,"column":45}},"74":{"start":{"line":237,"column":12},"end":{"line":237,"column":33}},"75":{"start":{"line":241,"column":10},"end":{"line":245,"column":11}},"76":{"start":{"line":242,"column":12},"end":{"line":242,"column":31}},"77":{"start":{"line":244,"column":12},"end":{"line":244,"column":34}},"78":{"start":{"line":249,"column":6},"end":{"line":252,"column":8}},"79":{"start":{"line":250,"column":8},"end":{"line":250,"column":91}},"80":{"start":{"line":251,"column":8},"end":{"line":251,"column":101}},"81":{"start":{"line":254,"column":6},"end":{"line":266,"column":7}},"82":{"start":{"line":255,"column":8},"end":{"line":257,"column":9}},"83":{"start":{"line":256,"column":10},"end":{"line":256,"column":68}},"84":{"start":{"line":259,"column":8},"end":{"line":259,"column":64}},"85":{"start":{"line":260,"column":13},"end":{"line":266,"column":7}},"86":{"start":{"line":261,"column":8},"end":{"line":263,"column":9}},"87":{"start":{"line":262,"column":10},"end":{"line":262,"column":61}},"88":{"start":{"line":265,"column":8},"end":{"line":265,"column":57}},"89":{"start":{"line":268,"column":4},"end":{"line":268,"column":17}},"90":{"start":{"line":276,"column":2},"end":{"line":289,"column":3}},"91":{"start":{"line":277,"column":6},"end":{"line":279,"column":7}},"92":{"start":{"line":278,"column":8},"end":{"line":278,"column":22}},"93":{"start":{"line":280,"column":6},"end":{"line":280,"column":20}},"94":{"start":{"line":281,"column":6},"end":{"line":287,"column":7}},"95":{"start":{"line":282,"column":8},"end":{"line":286,"column":9}},"96":{"start":{"line":283,"column":10},"end":{"line":283,"column":34}},"97":{"start":{"line":285,"column":10},"end":{"line":285,"column":48}},"98":{"start":{"line":288,"column":6},"end":{"line":288,"column":18}},"99":{"start":{"line":296,"column":2},"end":{"line":302,"column":3}},"100":{"start":{"line":298,"column":4},"end":{"line":298,"column":33}},"101":{"start":{"line":299,"column":4},"end":{"line":301,"column":5}},"102":{"start":{"line":300,"column":6},"end":{"line":300,"column":27}},"103":{"start":{"line":310,"column":2},"end":{"line":315,"column":3}},"104":{"start":{"line":311,"column":4},"end":{"line":311,"column":35}},"105":{"start":{"line":312,"column":4},"end":{"line":314,"column":5}},"106":{"start":{"line":313,"column":6},"end":{"line":313,"column":27}},"107":{"start":{"line":323,"column":2},"end":{"line":358,"column":3}},"108":{"start":{"line":324,"column":4},"end":{"line":324,"column":32}},"109":{"start":{"line":326,"column":4},"end":{"line":334,"column":5}},"110":{"start":{"line":327,"column":8},"end":{"line":333,"column":9}},"111":{"start":{"line":328,"column":12},"end":{"line":328,"column":43}},"112":{"start":{"line":329,"column":12},"end":{"line":332,"column":13}},"113":{"start":{"line":330,"column":16},"end":{"line":330,"column":42}},"114":{"start":{"line":331,"column":16},"end":{"line":331,"column":52}},"115":{"start":{"line":336,"column":4},"end":{"line":340,"column":5}},"116":{"start":{"line":337,"column":6},"end":{"line":337,"column":28}},"117":{"start":{"line":339,"column":6},"end":{"line":339,"column":26}},"118":{"start":{"line":342,"column":4},"end":{"line":350,"column":5}},"119":{"start":{"line":345,"column":6},"end":{"line":347,"column":7}},"120":{"start":{"line":346,"column":8},"end":{"line":346,"column":47}},"121":{"start":{"line":348,"column":6},"end":{"line":348,"column":49}},"122":{"start":{"line":349,"column":6},"end":{"line":349,"column":13}},"123":{"start":{"line":352,"column":4},"end":{"line":352,"column":55}},"124":{"start":{"line":353,"column":4},"end":{"line":355,"column":5}},"125":{"start":{"line":354,"column":6},"end":{"line":354,"column":67}},"126":{"start":{"line":357,"column":4},"end":{"line":357,"column":38}},"127":{"start":{"line":366,"column":2},"end":{"line":379,"column":3}},"128":{"start":{"line":367,"column":4},"end":{"line":367,"column":33}},"129":{"start":{"line":369,"column":4},"end":{"line":371,"column":5}},"130":{"start":{"line":370,"column":6},"end":{"line":370,"column":19}},"131":{"start":{"line":373,"column":4},"end":{"line":373,"column":57}},"132":{"start":{"line":374,"column":4},"end":{"line":376,"column":5}},"133":{"start":{"line":375,"column":6},"end":{"line":375,"column":67}},"134":{"start":{"line":378,"column":4},"end":{"line":378,"column":38}},"135":{"start":{"line":388,"column":2},"end":{"line":451,"column":3}},"136":{"start":{"line":390,"column":4},"end":{"line":390,"column":75}},"137":{"start":{"line":392,"column":4},"end":{"line":403,"column":5}},"138":{"start":{"line":393,"column":6},"end":{"line":402,"column":7}},"139":{"start":{"line":395,"column":8},"end":{"line":395,"column":44}},"140":{"start":{"line":396,"column":8},"end":{"line":396,"column":39}},"141":{"start":{"line":397,"column":8},"end":{"line":401,"column":35}},"142":{"start":{"line":398,"column":10},"end":{"line":400,"column":11}},"143":{"start":{"line":399,"column":12},"end":{"line":399,"column":46}},"144":{"start":{"line":406,"column":4},"end":{"line":406,"column":74}},"145":{"start":{"line":407,"column":4},"end":{"line":409,"column":5}},"146":{"start":{"line":408,"column":6},"end":{"line":408,"column":54}},"147":{"start":{"line":411,"column":4},"end":{"line":411,"column":87}},"148":{"start":{"line":412,"
[...]
     // align the hint position","      _alignHintPosition.call(this, item.hintPosition, hint, item.targetElement);","","      hintsWrapper.appendChild(hint);","    }","","    // adding the hints wrapper","    document.body.appendChild(hintsWrapper);","","    // call the callback function (if any)","    if (typeof (this._hintsAddedCallback) !== 'undefined') {","      this._hintsAddedCallback.call(this);","    }","  }","","  /**","   * Aligns hint position","   *","   * @api private","   * @method _alignHintPosition","   * @param {String} position","   * @param {Object} hint","   * @param {Object} element","   */","  function _alignHintPosition(position, hint, element) {","    // get/calculate offset of target element","    var offset = _getOffset.call(this, element);","    var iconWidth = 20;","    var iconHeight = 20;","","    // align the hint element","    switch (position) {","      default:","      case 'top-left':","        hint.style.left = offset.left + 'px';","        hint.style.top = offset.top + 'px';","        break;","      case 'top-right':","        hint.style.left = (offset.left + offset.width - iconWidth) + 'px';","        hint.style.top = offset.top + 'px';","        break;","      case 'bottom-left':","        hint.style.left = offset.left + 'px';","        hint.style.top = (offset.top + offset.height - iconHeight) + 'px';","        break;","      case 'bottom-right':","        hint.style.left = (offset.left + offset.width - iconWidth) + 'px';","        hint.style.top = (offset.top + offset.height - iconHeight) + 'px';","        break;","      case 'middle-left':","        hint.style.left = offset.left + 'px';","        hint.style.top = (offset.top + (offset.height - iconHeight) / 2) + 'px';","        break;","      case 'middle-right':","        hint.style.left = (offset.left + offset.width - iconWidth) + 'px';","        hint.style.top = (offset.top + (offset.height - iconHeight) / 2) + 'px';","        break;","      case 'middle-middle':","        hint.style.left = (offset.left + (offset.width - iconWidth) / 2) + 'px';","        hint.style.top = (offset.top + (offset.height - iconHeight) / 2) + 'px';","        break;","      case 'bottom-middle':","        hint.style.left = (offset.left + (offset.width - iconWidth) / 2) + 'px';","        hint.style.top = (offset.top + offset.height - iconHeight) + 'px';","        break;","      case 'top-middle':","        hint.style.left = (offset.left + (offset.width - iconWidth) / 2) + 'px';","        hint.style.top = offset.top + 'px';","        break;","    }","  }","","  /**","   * Triggers when user clicks on the hint element","   *","   * @api private","   * @method _hintClick","   * @param {Object} hintElement","   * @param {Object} item","   * @param {Number} stepId","   */","  function _hintClick(hintElement, item, stepId) {","    // call the callback function (if any)","    if (typeof (this._hintClickCallback) !== 'undefined') {","      this._hintClickCallback.call(this, hintElement, item, stepId);","    }","","    // remove all open tooltips","    var removedStep = _removeHintTooltip.call(this);","","    // to toggle the tooltip","    if (parseInt(removedStep, 10) == stepId) {","      return;","    }","","    var tooltipLayer = document.createElement('div');","    var tooltipTextLayer = document.createElement('div');","    var arrowLayer = document.createElement('div');","    var referenceLayer = document.createElement('div');","","    tooltipLayer.className = 'introjs-tooltip';","","    tooltipLayer.onclick = function (e) {","      //IE9 & Other Browsers","      if (e.stopPropagation) {","        e.stopPropagation();","      }","      //IE8 and Lower","      else {","        e.cancelBubble = true;","      }","    };","","    tooltipTextLayer.className = 'introjs-tooltiptext';","","    var tooltipWrapper = document.createElement('p');","    tooltipWrapper.innerHTML = item.hint;","","    var closeButton = document.createElement('a');","    closeButton.className = 'introjs-button';","    closeButton.innerHTML = this._options.hintButtonLabel;","    closeButton.onclick = _hideHint.bind(this, stepId);","","    tooltipTextLayer.appendChild(tooltipWrapper);","    tooltipTextLayer.appendChild(closeButton);","","    arrowLayer.className = 'introjs-arrow';","    tooltipLayer.appendChild(arrowLayer);","","    tooltipLayer.appendChild(tooltipTextLayer);","","    // set current step for _placeTooltip function","    this._currentStep = hintElement.getAttribute('data-step');","","    // align reference layer position","    referenceLayer.className = 'introjs-tooltipReferenceLayer introjs-hintReference';","    referenceLayer.setAttribute('data-step', hintElement.getAttribute('data-step'));","    _setHelperLayerPosition.call(this, referenceLayer);","","    referenceLayer.appendChild(tooltipLayer);","    document.body.appendChild(referenceLayer);","","    //set proper position","    _placeTooltip.call(this, hintElement, tooltipLayer, arrowLayer, null, true);","  }","","  /**","   * Get an element position on the page","   * Thanks to `meouw`: http://stackoverflow.com/a/442474/375966","   *","   * @api private","   * @method _getOffset","   * @param {Object} element","   * @returns Element's position info","   */","  function _getOffset(element) {","    var elementPosition = {};","","    var body = document.body;","    var docEl = document.documentElement;","","    var scrollTop = window.pageYOffset || docEl.scrollTop || body.scrollTop;","    var scrollLeft = window.pageXOffset || docEl.scrollLeft || body.scrollLeft;","","    if (element instanceof SVGElement) {","      var x = element.getBoundingClientRect()","      elementPosition.top = x.top + scrollTop;","      elementPosition.width = x.width;","      elementPosition.height = x.height;","      elementPosition.left = x.left + scrollLeft;","    } else {","      //set width","      elementPosition.width = element.offsetWidth;","","      //set height","      elementPosition.height = element.offsetHeight;","","      //calculate element top and left","      var _x = 0;","      var _y = 0;","      while (element && !isNaN(element.offsetLeft) && !isNaN(element.offsetTop)) {","        _x += element.offsetLeft;","        _y += element.offsetTop;","        element = element.offsetParent;","      }","      //set top","      elementPosition.top = _y;","      //set left","      elementPosition.left = _x;","    }","","    return elementPosition;","  }","","  /**","   * Gets the current progress percentage","   *","   * @api private","   * @method _getProgress","   * @returns current progress percentage","   */","  function _getProgress() {","    // Steps are 0 indexed","    var currentStep = parseInt((this._currentStep + 1), 10);","    return ((currentStep / this._introItems.length) * 100);","  }","","  /**","   * Overwrites obj1's values with obj2's and adds obj2's if non existent in obj1","   * via: http://stackoverflow.com/questions/171251/how-can-i-merge-properties-of-two-javascript-objects-dynamically","   *","   * @param obj1","   * @param obj2","   * @returns obj3 a new object based on obj1 and obj2","   */","  function _mergeOptions(obj1,obj2) {","    var obj3 = {};","    for (var attrname in obj1) { obj3[attrname] = obj1[attrname]; }","    for (var attrname in obj2) { obj3[attrname] = obj2[attrname]; }","    return obj3;","  }","","  var introJs = function (targetElm) {","    if (typeof (targetElm) === 'object') {","      //Ok, create a new instance","      return new IntroJs(targetElm);","","    } else if (typeof (targetElm) === 'string') {","      //select the target element with query selector","      var targetElement = document.querySelector(targetElm);","","      if (targetElement) {","        return new IntroJs(targetElement);","      } else {","        throw new Error('There is no element with given selector.');","      }","    } else {","      return new IntroJs(document.body);","    }","  };","","  /**","   * Current IntroJs version","   *","   * @property version","   * @type String","   */","  introJs.version = VERSION;","","  //Prototype","  introJs.fn = IntroJs.prototype = {","    clone: function () {","      return new IntroJs(this);","    },","    setOption: function(option, value) {","      this._options[option] = value;","      return this;","    },","    setOptions: function(options) {","      this._options = _mergeOptions(this._options, options);","      return this;","    },","    start: function () {","      _introForElement.call(this, this._targetElement);","      return this;","    },","    goToStep: function(step) {","      _goToStep.call(this, step);","      return this;","    },","    addStep: function(options) {","      if (!this._options.steps) {","        this._options.steps = [];","      }","","      this._options.steps.push(options);","","      return this;","    },","    addSteps: function(steps) {","      if (!steps.length) return;","","      for(var index = 0; index < steps.length; index++) {","        this.addStep(steps[index]);","      }","","      return this;","    },","    goToStepNumber: function(step) {","      _goToStepNumber.call(this, step);","","      return this;","    },","    nextStep: function() {","      _nextStep.call(this);","      return this;","    },","    previousStep: function() {","      _previousStep.call(this);","      return this;","    },","    exit: function() {","      _exitIntro.call(this, this._targetElement);","      return this;","    },","    refresh: function() {","      // re-align intros","      _setHelperLayerPosition.call(this, document.querySelector('.introjs-helperLayer'));","      _setHelperLayerPosition.call(this, document.querySelector('.introjs-tooltipReferenceLayer'));","","      //re-align hints","      _reAlignHints.call(this);","      return this;","    },","    onbeforechange: function(providedCallback) {","      if (typeof (providedCallback) === 'function') {","        this._introBeforeChangeCallback = providedCallback;","      } else {","        throw new Error('Provided callback for onbeforechange was not a function');","      }","      return this;","    },","    onchange: function(providedCallback) {","      if (typeof (providedCallback) === 'function') {","        this._introChangeCallback = providedCallback;","      } else {","        throw new Error('Provided callback for onchange was not a function.');","      }","      return this;","    },","    onafterchange: function(providedCallback) {","      if (typeof (providedCallback) === 'function') {","        this._introAfterChangeCallback = providedCallback;","      } else {","        throw new Error('Provided callback for onafterchange was not a function');","      }","      return this;","    },","    oncomplete: function(providedCallback) {","      if (typeof (providedCallback) === 'function') {","        this._introCompleteCallback = providedCallback;","      } else {","        throw new Error('Provided callback for oncomplete was not a function.');","      }","      return this;","    },","    onhintsadded: function(providedCallback) {","      if (typeof (providedCallback) === 'function') {","        this._hintsAddedCallback = providedCallback;","      } else {","        throw new Error('Provided callback for onhintsadded was not a function.');","      }","      return this;","    },","    onhintclick: function(providedCallback) {","      if (typeof (providedCallback) === 'function') {","        this._hintClickCallback = providedCallback;","      } else {","        throw new Error('Provided callback for onhintclick was not a function.');","      }","      return this;","    },","    onhintclose: function(providedCallback) {","      if (typeof (providedCallback) === 'function') {","        this._hintCloseCallback = providedCallback;","      } else {","        throw new Error('Provided callback for onhintclose was not a function.');","      }","      return this;","    },","    onexit: function(providedCallback) {","      if (typeof (providedCallback) === 'function') {","        this._introExitCallback = providedCallback;","      } else {","        throw new Error('Provided callback for onexit was not a function.');","      }","      return this;","    },","    addHints: function() {","      _populateHints.call(this, this._targetElement);","      return this;","    },","    hideHint: function (stepId) {","      _hideHint.call(this, stepId);","      return this;","    },","    hideHints: function () {","      _hideHints.call(this);","      return this;","    },","    showHint: function (stepId) {","      _showHint.call(this, stepId);","      return this;","    },","    showHints: function () {","      _showHints.call(this);","      return this;","    },","    removeHints: function () {","      _removeHints.call(this);","      return this;","    },","    removeHint: function (stepId) {","      _removeHint.call(this, stepId);","      return this;","    }","  };","","  exports.introJs = introJs;","  return introJs;","}));",""],"l":{"8":1,"9":1,"11":1,"12":0,"14":0,"17":0,"21":1,"28":1,"29":0,"30":0,"32":0,"92":1,"93":0,"96":0,"98":0,"99":0,"101":0,"103":0,"105":0,"109":0,"110":0,"112":0,"113":0,"114":0,"116":0,"119":0,"120":0,"123":0,"124":0,"130":0,"132":0,"133":0,"137":0,"138":0,"141":0,"142":0,"145":0,"147":0,"148":0,"161":0,"162":0,"163":0,"165":0,"167":0,"168":0,"169":0,"171":0,"175":0,"188":0,"189":0,"190":0,"193":0,"196":0,"197":0,"201":0,"204":0,"206":0,"208":0,"211":0,"212":0,"215":0,"216":0,"218":0,"219":0,"221":0,"222":0,"224":0,"225":0,"227":0,"228":0,"230":0,"231":0,"234":0,"237":0,"241":0,"242":0,"244":0,"249":0,"250":0,"251":0,"254":0,"255":0,"256":0,"259":0,"260":0,"261":0,"262":0,"265":0,"268":0,"276":1,"277":0,"278":0,"280":0,"281":0,"282":0,"283":0,"285":0,"288":0,"296":1,"298":0,"299":0,"300":0,"310":1,"311":0,"312":0,"313":0,"323":1,"324":0,"326":0,"327":0,"328":0,"329":0,"330":0,"331":0,"336":0,"337":0,"339":0,"342":0,"345":0,"346":0,"348":0,"349":0,"352":0,"353":0,"354":0,"357":0,"366":1,"367":0,"369":0,"370":0,"373":0,"374":0,"375":0,"378":0,"388":1,"390":0,"392":0,"393":0,"395":0,"396":0,"397":0,"398":0,"399":0,"406":0,"407":0,"408":0,"411":0,"412":0,"413":0,"416":0,"417":0,"418":0,"422":0,"423":0,"424":0,"427":0,"430":0,"431":0,"432":0,"433":0,"438":0,"439":0,"440":0,"441":0,"445":0,"446":0,"450":0,"464":1,"465":0,"472":0,"475":0,"476":0,"477":0,"478":0,"479":0,"480":0,"482":0,"484":0,"485":0,"486":0,"490":0,"493":0,"494":0,"495":0,"497":0,"500":0,"502":0,"503":0,"504":0,"505":0,"508":0,"509":0,"510":0,"512":0,"514":0,"516":0,"517":0,"519":0,"522":0,"523":0,"524":0,"526":0,"527":0,"530":0,"531":0,"533":0,"535":0,"537":0,"538":0,"541":0,"544":0,"545":0,"547":0,"549":0,"551":0,"553":0,"556":0,"557":0,"558":0,"559":0,"561":0,"562":0,"563":0,"566":0,"568":0,"570":0,"571":0,"572":0,"573":0,"576":0,"578":0,"581":0,"582":0,"585":0,"586":0,"587":0,"589":0,"590":0,"597":0,"599":0,"600":0,"601":0,"602":0,"611":1,"612":0,"614":0,"615":0,"617":0,"618":0,"626":1,"627":0,"629":0,"630":0,"632":0,"633":0,"645":1,"648":0,"650":0,"651":0,"652":0,"653":0,"657":0,"661":0,"662":0,"663":0,"666":0,"667":0,"671":0,"672":0,"677":0,"678":0,"682":0,"683":0,"687":0,"688":0,"692":0,"693":0,"694":0,"698":0,"707":1,"708":0,"709":0,"720":1,"721":0,"723":0,"725":0,"732":0,"733":0,"735":0,"738":0,"739":0,"743":0,"757":1,"758":0,"759":0,"760":0,"761":0,"762":0,"765":0,"774":1,"775":0,"776":0,"786":1,"787":0,"788":0,"791":0,"798":0,"799":0,"802":0,"803":0,"806":0,"807":0,"816":0,"818":0,"819":0,"821":0,"822":0,"824":0,"825":0,"830":0,"831":0,"834":0,"835":0,"836":0,"837":0,"842":0,"845":0,"846":0,"848":0,"850":0,"851":0,"854":0,"856":0,"857":0,"860":0,"861":0,"862":0,"864":0,"867":0,"868":0,"871":0,"873":0,"876":0,"882":0,"891":0,"892":0,"895":0,"896":0,"899":0,"900":0,"902":0,"904":0,"905":0,"907":0,"909":0,"910":0,"913":0,"915":0,"916":0,"917":0,"919":0,"920":0,"923":0,"925":0,"926":0,"927":0,"929":0,"930":0,"933":0,"935":0,"937":0,"938":0,"940":0,"941":0,"942":0,"944":0,"946":0,"947":0,"948":0,"951":0,"952":0,"953":0,"954":0,"957":0,"958":0,"959":0,"960":0,"961":0,"964":0,"965":0,"968":0,"970":0,"971":0,"972":0,"976":0,"977":0,"980":0,"982":0,"983":0,"984":0,"988":0,"989":0,"992":0,"993":0,"994":0,"995":0,"997":0,"998":0,"999":0,"1002":0,"1005":0,"1008":0,"1009":0,"1010":0,"1013":0,"1016":0,"1022":0,"1023":0,"1026":0,"1027":0,"1030":0,"1031":0,"1032":0,"1034":0,"1035":0,"1036":0,"1038":0,"1041":0,"1042":0,"1043":0,"1045":0,"1047":0,"1048":0,"1050":0,"1051":0,"1052":0,"1054":0,"1057":0,"1060":0,"1061":0,"1062":0,"1063":0,"1067":0,"1069":0,"1071":0,"1072":0,"1078":0,"1079":0,"1083":0,"1087":0,"1088":0,"1098":1,"1099":0,"1101":0,"1102":0,"1103":0,"1115":1,"1118":0,"1119":0,"1121":0,"1122":0,"1124":0,"1125":0,"1128":0,"1132":0,"1134":0,"1135":0,"1140":0,"1143":0,"1144":0,"1145":0,"1149":0,"1150":0,"1151":0,"1152":0,"1153":0,"1156":0,"1160":1,"1161":0,"1162":0,"1164":0,"1166":0,"1170":1,"1171":0,"1172":0,"1174":0,"1176":0,"1190":1,"1191":0,"1192":0,"1193":0,"1194":0,"1195":0,"1199":0,"1200":0,"1202":0,"1214":1,"1215":0,"1217":0,"1218":0,"1221":0,"1222":0,"1225":0,"1236":1,"1237":0,"1238":0,"1240":0,"1241":0,"1253":1,"1254":0,"1256":0,"1271":1,"1272":0,"1277":0,"1280":0,"1281":0,"1282":0,"1285":0,"1286":0,"1287":0,"1288":0,"1292":0,"1294":0,"1295":0,"1296":0,"1300":0,"1301":0,"1302":0,"1305":0,"1314":1,"1315":0,"1317":0,"1318":0,"1319":0,"1320":0,"1331":1,"1332":0,"1333":0,"1335":0,"1336":0,"1337":0,"1339":0,"1341":0,"1344":0,"1345":0,"1347":0,"1348":0,"1352":0,"1354":0,"1355":0,"1359":0,"1360":0,"1363":0,"1365":0,"1366":0,"1368":0,"1371":0,"1382":0,"1384":0,"1385":0,"1387":0,"1388":0,"1390":0,"1391":0,"1401":1,"1402":0,"1403":0,"1405":0,"1407":0,"1417":1,"1418":0,"1419":0,"1421":0,"1422":0,"1426":0,"1427":0,"1437":1,"1438":0,"1440":0,"1441":0,"1442":0,"1453":1,"1454":0,"1456":0,"1457":0,"1458":0,"1461":0,"1471":1,"1472":0,"1474":0,"1475":0,"1486":1,"1487":0,"1489":0,"1490":0,"1491":0,"1504":1,"1505":0,"1507":0,"1508":0,"1518":1,"1519":0,"1521":0,"1523":0,"1524":0,"1526":0,"1527":0,"1530":0,"1531":0,"1534":0,"1535":0,"1537":0,"1538":0,"1540":0,"1542":0,"1543":0,"1544":0,"1545":0,"1547":0,"1551":0,"1553":0,"1554":0,"1558":0,"1559":0,"1562":0,"1563":0,"1564":0,"1565":0,"1567":0,"1568":0,"1569":0,"1573":0,"1574":0,"1577":0,"1579":0,"1583":0,"1586":0,"1587":0,"1600":1,"1602":0,"1603":0,"1604":0,"1607":0,"1610":0,"1611":0,"1612":0,"1614":0,"1615":0,"1616":0,"1618":0,"1619":0,"1620":0,"1622":0,"1623":0,"1624":0,"1626":0,"1627":0,"1628":0,"1630":0,"1631":0,"1632":0,"1634":0,"1635":0,"1636":0,"1638":0,"1639":0,"1640":0,"1642":0,"1643":0,"1644":0,"1657":1,"1659":0,"1660":0,"1664":0,"1667":0,"1668":0,"1671":0,"1672":0,"1673":0,"1674":0,"1676":0,"1678":0,"1680":0,"1681":0,"1685":0,"1689":0,"1691":0,"1692":0,"1694":0,"1695":0,"1696":0,"1697":0,"1699":0,"1700":0,"1702":0,"1703":0,"1705":0,"1708":0,"1711":0,"1712":0,"1713":0,"1715":0,"1716":0,"1719":0,"1731":1,"1732":0,"1734":0,"1735":0,"1737":0,"1738":0,"1740":0,"1741":0,"1742":0,"1743":0,"1744":0,"1745":0,"1748":0,"1751":0,"1754":0,"1755":0,"1756":0,"1757":0,"1758":0,"1759":0,"1762":0,"1764":0,"1767":0,"1777":1,"1779":0,"1780":0,"1791":1,"1792":0,"1793":0,"1794":0,"1795":0,"1798":1,"1799":0,"1801":0,"1803":0,"1805":0,"1807":0,"1808":0,"1810":0,"1813":0,"1823":1,"1826":1,"1828":0,"1831":0,"1832":0,"1835":0,"1836":0,"1839":0,"1840":0,"1843":0,"1844":0,"1847":0,"1848":0,"1851":0,"1853":0,"1856":0,"1858":0,"1859":0,"1862":0,"1865":0,"1867":0,"1870":0,"1871":0,"1874":0,"1875":0,"1878":0,"1879":0,"1883":0,"1884":0,"1887":0,"1888":0,"1891":0,"1892":0,"1894":0,"1896":0,"1899":0,"1900":0,"1902":0,"1904":0,"1907":0,"1908":0,"1910":0,"1912":0,"1915":0,"1916":0,"1918":0,"1920":0,"1923":0,"1924":0,"1926":0,"1928":0,"1931":0,"1932":0,"1934":0,"1936":0,"1939":0,"1940":0,"1942":0,"1944":0,"1947":0,"1948":0,"1950":0,"1952":0,"1955":0,"1956":0,"1959":0,"1960":0,"1963":0,"1964":0,"1967":0,"1968":0,"1971":0,"1972":0,"1975":0,"1976":0,"1979":0,"1980":0,"1984":1,"1985":1}}}